\BOOKMARK [0][-]{chapter*.2}{\376\377\000L\000i\000s\000t\000\040\000o\000f\000\040\000F\000i\000g\000u\000r\000e\000s}{}% 1
\BOOKMARK [0][-]{chapter*.3}{\376\377\000L\000i\000s\000t\000\040\000o\000f\000\040\000T\000a\000b\000l\000e\000s}{}% 2
\BOOKMARK [0][-]{chapter*.4}{\376\377\000N\000o\000t\000a\000t\000i\000o\000n\000s}{}% 3
\BOOKMARK [0][-]{chapter.1}{\376\377\000I\000n\000t\000r\000o\000d\000u\000c\000t\000i\000o\000n}{}% 4
\BOOKMARK [1][-]{section.1.1}{\376\377\000A\000x\000i\000o\000m\000s\000\040\000o\000f\000\040\000Q\000u\000a\000n\000t\000u\000m\000\040\000M\000e\000c\000h\000a\000n\000i\000c\000s}{chapter.1}% 5
\BOOKMARK [2][-]{subsection.1.1.1}{\376\377\000P\000o\000s\000t\000u\000l\000a\000t\000e\000\040\0001\000:\000\040\000T\000h\000e\000\040\000S\000t\000a\000t\000e\000\040\000S\000p\000a\000c\000e\000\040\000P\000o\000s\000t\000u\000l\000a\000t\000e}{section.1.1}% 6
\BOOKMARK [2][-]{subsection.1.1.2}{\376\377\000P\000o\000s\000u\000l\000a\000t\000e\000\040\0002\000:\000\040\000E\000v\000o\000l\000u\000t\000i\000o\000n\000\040\000P\000o\000s\000t\000u\000l\000a\000t\000e}{section.1.1}% 7
\BOOKMARK [2][-]{subsection.1.1.3}{\376\377\000P\000o\000s\000t\000u\000l\000a\000t\000e\000\040\0003\000:\000\040\000M\000e\000a\000s\000u\000r\000e\000m\000e\000n\000t\000\040\000P\000o\000s\000t\000u\000l\000a\000t\000e}{section.1.1}% 8
\BOOKMARK [2][-]{subsection.1.1.4}{\376\377\000P\000o\000s\000t\000u\000l\000a\000t\000e\000\040\0004\000:\000\040\000C\000o\000m\000p\000o\000s\000i\000t\000e\000\040\000S\000y\000s\000t\000e\000m\000s}{section.1.1}% 9
\BOOKMARK [1][-]{section.1.2}{\376\377\000B\000l\000o\000c\000h\000\040\000S\000p\000h\000e\000r\000e\000\040\000R\000e\000p\000r\000e\000s\000e\000n\000t\000a\000t\000i\000o\000n\000\040\000o\000f\000\040\000a\000\040\000Q\000u\000b\000i\000t}{chapter.1}% 10
\BOOKMARK [1][-]{section.1.3}{\376\377\000S\000i\000n\000g\000l\000e\000\040\000Q\000u\000b\000i\000t\000\040\000G\000a\000t\000e\000s}{chapter.1}% 11
\BOOKMARK [2][-]{subsection.1.3.1}{\376\377\000P\000a\000u\000l\000i\000\040\000M\000a\000t\000r\000i\000c\000e\000s}{section.1.3}% 12
\BOOKMARK [2][-]{subsection.1.3.2}{\376\377\000H\000a\000d\000a\000m\000a\000r\000d\000\040\000G\000a\000t\000e}{section.1.3}% 13
\BOOKMARK [2][-]{subsection.1.3.3}{\376\377\000S\000\040\000a\000n\000d\000\040\000S\000\040\000G\000a\000t\000e}{section.1.3}% 14
\BOOKMARK [2][-]{subsection.1.3.4}{\376\377\000T\000\040\000a\000n\000d\000\040\000T\000\040\000G\000a\000t\000e}{section.1.3}% 15
\BOOKMARK [2][-]{subsection.1.3.5}{\376\377\000Q\000u\000a\000n\000t\000u\000m\000\040\000R\000o\000t\000a\000t\000i\000o\000n\000\040\000G\000a\000t\000e\000s}{section.1.3}% 16
\BOOKMARK [2][-]{subsection.1.3.6}{\376\377\000U\000n\000i\000v\000e\000r\000s\000a\000l\000\040\000Q\000u\000a\000n\000t\000u\000m\000\040\000G\000a\000t\000e\000s}{section.1.3}% 17
\BOOKMARK [1][-]{section.1.4}{\376\377\000M\000u\000l\000t\000i\000-\000Q\000u\000b\000i\000t\000\040\000G\000a\000t\000e\000s}{chapter.1}% 18
\BOOKMARK [2][-]{subsection.1.4.1}{\376\377\000T\000w\000o\000-\000q\000u\000b\000i\000t\000\040\000G\000a\000t\000e\000s}{section.1.4}% 19
\BOOKMARK [2][-]{subsection.1.4.2}{\376\377\000T\000h\000r\000e\000e\000-\000q\000u\000b\000i\000t\000\040\000G\000a\000t\000e\000s}{section.1.4}% 20
\BOOKMARK [1][-]{section.1.5}{\376\377\000Q\000u\000a\000n\000t\000u\000m\000\040\000C\000i\000r\000c\000u\000i\000t\000s}{chapter.1}% 21
\BOOKMARK [1][-]{section.1.6}{\376\377\000E\000n\000t\000a\000n\000g\000l\000e\000m\000e\000n\000t}{chapter.1}% 22
\BOOKMARK [2][-]{subsection.1.6.1}{\376\377\000B\000e\000l\000l\000\040\000S\000t\000a\000t\000e\000s\000/\000E\000P\000R\000\040\000P\000a\000i\000r\000s}{section.1.6}% 23
\BOOKMARK [2][-]{subsection.1.6.2}{\376\377\000T\000e\000l\000e\000p\000o\000r\000t\000a\000t\000i\000o\000n}{section.1.6}% 24
\BOOKMARK [2][-]{subsection.1.6.3}{\376\377\000S\000u\000p\000e\000r\000d\000e\000n\000s\000e\000\040\000C\000o\000d\000i\000n\000g}{section.1.6}% 25
\BOOKMARK [1][-]{section.1.7}{\376\377\000Q\000u\000a\000n\000t\000u\000m\000\040\000A\000l\000g\000o\000r\000i\000t\000h\000m\000s}{chapter.1}% 26
\BOOKMARK [2][-]{subsection.1.7.1}{\376\377\000O\000r\000a\000c\000l\000e\000s}{section.1.7}% 27
\BOOKMARK [2][-]{subsection.1.7.2}{\376\377\000E\000l\000i\000t\000z\000u\000r\000-\000V\000a\000i\000d\000m\000a\000n\000\040\000B\000o\000m\000b\000\040\000D\000e\000t\000e\000c\000t\000i\000o\000n\000\040\000A\000l\000g\000o\000r\000i\000t\000h\000m}{section.1.7}% 28
\BOOKMARK [2][-]{subsection.1.7.3}{\376\377\000D\000e\000u\000t\000s\000c\000h\000'\000s\000\040\000A\000l\000g\000o\000r\000i\000t\000h\000m}{section.1.7}% 29
\BOOKMARK [2][-]{subsection.1.7.4}{\376\377\000D\000e\000u\000t\000s\000c\000h\000-\000J\000o\000s\000z\000a\000\040\000A\000l\000g\000o\000r\000i\000t\000h\000m}{section.1.7}% 30
\BOOKMARK [2][-]{subsection.1.7.5}{\376\377\000S\000i\000m\000o\000n\000'\000s\000\040\000A\000l\000g\000o\000r\000i\000t\000h\000m}{section.1.7}% 31
\BOOKMARK [2][-]{subsection.1.7.6}{\376\377\000B\000e\000r\000n\000s\000t\000e\000i\000n\000-\000V\000a\000z\000i\000r\000a\000n\000i\000\040\000A\000l\000g\000o\000r\000i\000t\000h\000m}{section.1.7}% 32
\BOOKMARK [2][-]{subsection.1.7.7}{\376\377\000S\000h\000o\000r\000'\000s\000\040\000A\000l\000g\000o\000r\000i\000t\000h\000m}{section.1.7}% 33
\BOOKMARK [2][-]{subsection.1.7.8}{\376\377\000G\000r\000o\000v\000e\000r\000'\000s\000\040\000A\000l\000g\000o\000r\000i\000t\000h\000m}{section.1.7}% 34
\BOOKMARK [2][-]{subsection.1.7.9}{\376\377\000Q\000u\000a\000n\000t\000u\000m\000\040\000F\000o\000u\000r\000i\000e\000r\000\040\000T\000r\000a\000n\000s\000f\000o\000r\000m}{section.1.7}% 35
\BOOKMARK [0][-]{chapter.2}{\376\377\000A\000d\000v\000a\000n\000c\000e\000d\000\040\000Q\000u\000a\000n\000t\000u\000m\000\040\000C\000o\000m\000p\000u\000t\000i\000n\000g}{}% 36
\BOOKMARK [1][-]{section.2.1}{\376\377\000L\000i\000n\000e\000a\000r\000\040\000G\000r\000o\000w\000t\000h\000\040\000a\000n\000d\000\040\000D\000u\000h\000a\000m\000e\000l\000'\000s\000\040\000P\000r\000i\000n\000c\000i\000p\000l\000e}{chapter.2}% 37
\BOOKMARK [1][-]{section.2.2}{\376\377\000U\000n\000i\000v\000e\000r\000s\000a\000l\000\040\000g\000a\000t\000e\000\040\000s\000e\000t\000s\000\040\000a\000n\000d\000\040\000R\000e\000v\000e\000r\000s\000i\000b\000l\000e\000\040\000C\000o\000m\000p\000u\000t\000a\000t\000i\000o\000n}{chapter.2}% 38
\BOOKMARK [1][-]{section.2.3}{\376\377\000F\000i\000x\000e\000d\000\040\000P\000o\000i\000n\000t\000\040\000N\000u\000m\000b\000e\000r\000\040\000R\000e\000p\000r\000e\000s\000e\000n\000t\000a\000t\000i\000o\000n\000\040\000a\000n\000d\000\040\000C\000l\000a\000s\000s\000i\000c\000a\000l\000\040\000A\000r\000i\000t\000h\000m\000e\000t\000i\000c\000\040\000o\000p\000e\000r\000a\000t\000i\000o\000n\000s}{chapter.2}% 39
\BOOKMARK [1][-]{section.2.4}{\376\377\000F\000a\000u\000l\000t\000\040\000t\000o\000l\000e\000r\000a\000n\000t\000\040\000C\000o\000m\000p\000u\000t\000a\000t\000i\000o\000n}{chapter.2}% 40
\BOOKMARK [1][-]{section.2.5}{\376\377\000C\000o\000m\000p\000l\000e\000x\000i\000t\000y\000\040\000o\000f\000\040\000Q\000u\000a\000n\000t\000u\000m\000\040\000A\000l\000g\000o\000r\000i\000t\000h\000m\000s}{chapter.2}% 41
\BOOKMARK [0][-]{appendix.A}{\376\377\000L\000i\000n\000e\000a\000r\000\040\000A\000l\000g\000e\000b\000r\000a\000\040\000a\000n\000d\000\040\000C\000a\000l\000c\000u\000l\000u\000s\000\040\000P\000r\000e\000r\000e\000q\000u\000i\000s\000i\000t\000e\000s}{}% 42
\BOOKMARK [1][-]{section.A.1}{\376\377\000L\000i\000n\000e\000a\000r\000\040\000A\000l\000g\000e\000b\000r\000a}{appendix.A}% 43
\BOOKMARK [2][-]{subsection.A.1.1}{\376\377\000B\000a\000s\000i\000c\000s\000\040\000o\000f\000\040\000L\000i\000n\000e\000a\000r\000\040\000A\000l\000g\000e\000b\000r\000a}{section.A.1}% 44
\BOOKMARK [2][-]{subsection.A.1.2}{\376\377\000I\000n\000n\000e\000r\000\040\000P\000r\000o\000d\000u\000c\000t}{section.A.1}% 45
\BOOKMARK [2][-]{subsection.A.1.3}{\376\377\000G\000r\000a\000m\000-\000S\000c\000h\000m\000i\000d\000t\000\040\000O\000r\000t\000h\000o\000g\000o\000n\000a\000l\000i\000z\000a\000t\000i\000o\000n}{section.A.1}% 46
\BOOKMARK [2][-]{subsection.A.1.4}{\376\377\000C\000a\000u\000c\000h\000y\000-\000S\000c\000h\000w\000a\000r\000z\000\040\000a\000n\000d\000\040\000T\000r\000a\000i\000n\000g\000l\000e\000\040\000I\000n\000e\000q\000u\000a\000l\000i\000t\000i\000e\000s}{section.A.1}% 47
\BOOKMARK [2][-]{subsection.A.1.5}{\376\377\000L\000i\000n\000e\000a\000r\000\040\000O\000p\000e\000r\000a\000t\000o\000r\000s\000\040\000a\000n\000d\000\040\000M\000a\000t\000r\000i\000x\000\040\000R\000e\000p\000r\000e\000s\000e\000n\000t\000a\000t\000i\000o\000n}{section.A.1}% 48
\BOOKMARK [2][-]{subsection.A.1.6}{\376\377\000H\000e\000r\000m\000i\000t\000i\000a\000n\000\040\000a\000n\000d\000\040\000U\000n\000i\000t\000a\000r\000y\000\040\000O\000p\000e\000r\000a\000t\000o\000r\000s}{section.A.1}% 49
\BOOKMARK [2][-]{subsection.A.1.7}{\376\377\000E\000i\000g\000e\000n\000\040\000V\000a\000l\000u\000e\000\040\000P\000r\000o\000b\000l\000e\000m\000s}{section.A.1}% 50
\BOOKMARK [2][-]{subsection.A.1.8}{\376\377\000N\000o\000r\000m\000s}{section.A.1}% 51
\BOOKMARK [2][-]{subsection.A.1.9}{\376\377\000I\000n\000d\000u\000c\000e\000\040\000M\000a\000t\000r\000i\000x\000\040\000N\000o\000r\000m}{section.A.1}% 52
\BOOKMARK [2][-]{subsection.A.1.10}{\376\377\000C\000o\000n\000c\000l\000u\000s\000i\000o\000n\000s}{section.A.1}% 53
\BOOKMARK [1][-]{section.A.2}{\376\377\000T\000e\000n\000s\000o\000r\000\040\000P\000r\000o\000d\000u\000c\000t\000s}{appendix.A}% 54
\BOOKMARK [1][-]{section.A.3}{\376\377\000C\000o\000m\000p\000l\000e\000x\000\040\000N\000u\000m\000b\000e\000r\000s}{appendix.A}% 55
\BOOKMARK [2][-]{subsection.A.3.1}{\376\377\000C\000o\000m\000p\000l\000e\000x\000\040\000P\000l\000a\000n\000e}{section.A.3}% 56
\BOOKMARK [2][-]{subsection.A.3.2}{\376\377\000A\000d\000d\000i\000t\000i\000o\000n\000\040\000o\000f\000\040\000C\000o\000m\000p\000l\000e\000x\000\040\000N\000u\000m\000b\000e\000r\000s}{section.A.3}% 57
\BOOKMARK [2][-]{subsection.A.3.3}{\376\377\000M\000u\000l\000t\000i\000p\000l\000i\000c\000a\000t\000i\000o\000n\000\040\000o\000f\000\040\000C\000o\000m\000p\000l\000e\000x\000\040\000N\000u\000m\000b\000e\000r\000s}{section.A.3}% 58
\BOOKMARK [2][-]{subsection.A.3.4}{\376\377\000C\000o\000m\000p\000l\000e\000x\000\040\000C\000o\000n\000j\000u\000g\000a\000t\000e}{section.A.3}% 59
\BOOKMARK [2][-]{subsection.A.3.5}{\376\377\000M\000o\000d\000u\000l\000u\000s\000\040\000o\000f\000\040\000a\000\040\000C\000o\000m\000p\000l\000e\000x\000\040\000N\000u\000m\000b\000e\000r}{section.A.3}% 60
\BOOKMARK [2][-]{subsection.A.3.6}{\376\377\000P\000o\000l\000a\000r\000\040\000f\000o\000r\000m}{section.A.3}% 61
\BOOKMARK [2][-]{subsection.A.3.7}{\376\377\000E\000u\000l\000e\000r\000'\000s\000\040\000F\000o\000r\000m\000u\000l\000a}{section.A.3}% 62
\BOOKMARK [2][-]{subsection.A.3.8}{\376\377\000R\000o\000o\000t\000s\000\040\000o\000f\000\040\000U\000n\000i\000t\000y}{section.A.3}% 63
\BOOKMARK [2][-]{subsection.A.3.9}{\376\377\000D\000i\000s\000c\000r\000e\000t\000e\000\040\000F\000o\000u\000r\000i\000e\000r\000\040\000T\000r\000a\000n\000s\000f\000o\000r\000m\000\040\000M\000a\000t\000r\000i\000x}{section.A.3}% 64
\BOOKMARK [1][-]{section.A.4}{\376\377\000P\000r\000o\000b\000a\000b\000i\000l\000i\000t\000y\000\040\000T\000h\000e\000o\000r\000y}{appendix.A}% 65
\BOOKMARK [1][-]{section.A.5}{\376\377\000C\000a\000l\000c\000u\000l\000u\000s}{appendix.A}% 66
\BOOKMARK [0][-]{appendix.B}{\376\377\000C\000l\000a\000s\000s\000i\000c\000a\000l\000\040\000C\000o\000m\000p\000u\000t\000a\000t\000i\000o\000n\000s}{}% 67
\BOOKMARK [1][-]{section.B.1}{\376\377\000L\000o\000g\000i\000c\000\040\000G\000a\000t\000e\000s}{appendix.B}% 68
\BOOKMARK [2][-]{subsection.B.1.1}{\376\377\000N\000O\000T\000\040\000G\000a\000t\000e}{section.B.1}% 69
\BOOKMARK [2][-]{subsection.B.1.2}{\376\377\000A\000N\000D\000\040\000G\000a\000t\000e}{section.B.1}% 70
\BOOKMARK [2][-]{subsection.B.1.3}{\376\377\000O\000R\000\040\000G\000a\000t\000e}{section.B.1}% 71
\BOOKMARK [2][-]{subsection.B.1.4}{\376\377\000N\000A\000N\000D\000\040\000G\000a\000t\000e}{section.B.1}% 72
\BOOKMARK [2][-]{subsection.B.1.5}{\376\377\000N\000O\000R\000\040\000G\000a\000t\000e}{section.B.1}% 73
\BOOKMARK [2][-]{subsection.B.1.6}{\376\377\000X\000O\000R\000\040\000G\000a\000t\000e}{section.B.1}% 74
\BOOKMARK [2][-]{subsection.B.1.7}{\376\377\000F\000A\000N\000O\000U\000T\000\040\000G\000a\000t\000e}{section.B.1}% 75
\BOOKMARK [2][-]{subsection.B.1.8}{\376\377\000C\000R\000O\000S\000S\000O\000V\000E\000R\000\040\000G\000a\000t\000e}{section.B.1}% 76
\BOOKMARK [1][-]{section.B.2}{\376\377\000C\000l\000a\000s\000s\000i\000c\000a\000l\000\040\000C\000i\000r\000c\000u\000i\000t\000s}{appendix.B}% 77
\BOOKMARK [0][-]{appendix*.87}{\376\377\000B\000i\000b\000l\000i\000o\000g\000r\000a\000p\000h\000y}{}% 78
