This is pdfTeX, Version 3.141592653-2.6-1.40.25 (MiKTeX 23.10.12) (preloaded format=pdflatex 2023.10.21)  20 JUN 2024 16:09
entering extended mode
 restricted \write18 enabled.
 file:line:error style messages enabled.
 %&-line parsing enabled.
**"c:/Users/nihar/OneDrive - Indian Institute of Science/Indian Institute of Science/MTechThesis/Notes/MyNotes/notes.tex"
(c:/Users/nihar/OneDrive - Indian Institute of Science/Indian Institute of Science/MTechThesis/Notes/MyNotes/notes.tex
LaTeX2e <2023-06-01> patch level 1
L3 programming layer <2023-10-10>
(C:\Users\nihar\AppData\Local\Programs\MiKTeX\tex/latex/base\book.cls
Document Class: book 2023/05/17 v1.4n Standard LaTeX document class
(C:\Users\nihar\AppData\Local\Programs\MiKTeX\tex/latex/base\bk12.clo
File: bk12.clo 2023/05/17 v1.4n Standard LaTeX file (size option)
)
\c@part=\count185
\c@chapter=\count186
\c@section=\count187
\c@subsection=\count188
\c@subsubsection=\count189
\c@paragraph=\count190
\c@subparagraph=\count191
\c@figure=\count192
\c@table=\count193
\abovecaptionskip=\skip48
\belowcaptionskip=\skip49
\bibindent=\dimen140
) (C:\Users\nihar\AppData\Local\Programs\MiKTeX\tex/latex/tocbibind\tocbibind.sty
Package: tocbibind 2010/10/13 v1.5k extra ToC listings
Package tocbibind Info: The document has chapter divisions on input line 50.


Package tocbibind Note: Using chapter style headings, unless overridden.

) (C:\Users\nihar\AppData\Local\Programs\MiKTeX\tex/latex/amsmath\amsmath.sty
Package: amsmath 2023/05/13 v2.17o AMS math features
\@mathmargin=\skip50

For additional information on amsmath, use the `?' option.
(C:\Users\nihar\AppData\Local\Programs\MiKTeX\tex/latex/amsmath\amstext.sty
Package: amstext 2021/08/26 v2.01 AMS text
 (C:\Users\nihar\AppData\Local\Programs\MiKTeX\tex/latex/amsmath\amsgen.sty
File: amsgen.sty 1999/11/30 v2.0 generic functions
\@emptytoks=\toks17
\ex@=\dimen141
)) (C:\Users\nihar\AppData\Local\Programs\MiKTeX\tex/latex/amsmath\amsbsy.sty
Package: amsbsy 1999/11/29 v1.2d Bold Symbols
\pmbraise@=\dimen142
) (C:\Users\nihar\AppData\Local\Programs\MiKTeX\tex/latex/amsmath\amsopn.sty
Package: amsopn 2022/04/08 v2.04 operator names
)
\inf@bad=\count194
LaTeX Info: Redefining \frac on input line 234.
\uproot@=\count195
\leftroot@=\count196
LaTeX Info: Redefining \overline on input line 399.
LaTeX Info: Redefining \colon on input line 410.
\classnum@=\count197
\DOTSCASE@=\count198
LaTeX Info: Redefining \ldots on input line 496.
LaTeX Info: Redefining \dots on input line 499.
LaTeX Info: Redefining \cdots on input line 620.
\Mathstrutbox@=\box51
\strutbox@=\box52
LaTeX Info: Redefining \big on input line 722.
LaTeX Info: Redefining \Big on input line 723.
LaTeX Info: Redefining \bigg on input line 724.
LaTeX Info: Redefining \Bigg on input line 725.
\big@size=\dimen143
LaTeX Font Info:    Redeclaring font encoding OML on input line 743.
LaTeX Font Info:    Redeclaring font encoding OMS on input line 744.
\macc@depth=\count199
LaTeX Info: Redefining \bmod on input line 905.
LaTeX Info: Redefining \pmod on input line 910.
LaTeX Info: Redefining \smash on input line 940.
LaTeX Info: Redefining \relbar on input line 970.
LaTeX Info: Redefining \Relbar on input line 971.
\c@MaxMatrixCols=\count266
\dotsspace@=\muskip16
\c@parentequation=\count267
\dspbrk@lvl=\count268
\tag@help=\toks18
\row@=\count269
\column@=\count270
\maxfields@=\count271
\andhelp@=\toks19
\eqnshift@=\dimen144
\alignsep@=\dimen145
\tagshift@=\dimen146
\tagwidth@=\dimen147
\totwidth@=\dimen148
\lineht@=\dimen149
\@envbody=\toks20
\multlinegap=\skip51
\multlinetaggap=\skip52
\mathdisplay@stack=\toks21
LaTeX Info: Redefining \[ on input line 2953.
LaTeX Info: Redefining \] on input line 2954.
) (C:\Users\nihar\AppData\Local\Programs\MiKTeX\tex/latex/amsfonts\amsfonts.sty
Package: amsfonts 2013/01/14 v3.01 Basic AMSFonts support
\symAMSa=\mathgroup4
\symAMSb=\mathgroup5
LaTeX Font Info:    Redeclaring math symbol \hbar on input line 98.
LaTeX Font Info:    Overwriting math alphabet `\mathfrak' in version `bold'
(Font)                  U/euf/m/n --> U/euf/b/n on input line 106.
) (C:\Users\nihar\AppData\Local\Programs\MiKTeX\tex/latex/amsfonts\amssymb.sty
Package: amssymb 2013/01/14 v3.01 AMS font symbols
) (C:\Users\nihar\AppData\Local\Programs\MiKTeX\tex/latex/graphics\graphicx.sty
Package: graphicx 2021/09/16 v1.2d Enhanced LaTeX Graphics (DPC,SPQR)
 (C:\Users\nihar\AppData\Local\Programs\MiKTeX\tex/latex/graphics\keyval.sty
Package: keyval 2022/05/29 v1.15 key=value parser (DPC)
\KV@toks@=\toks22
) (C:\Users\nihar\AppData\Local\Programs\MiKTeX\tex/latex/graphics\graphics.sty
Package: graphics 2022/03/10 v1.4e Standard LaTeX Graphics (DPC,SPQR)
 (C:\Users\nihar\AppData\Local\Programs\MiKTeX\tex/latex/graphics\trig.sty
Package: trig 2021/08/11 v1.11 sin cos tan (DPC)
) (C:\Users\nihar\AppData\Local\Programs\MiKTeX\tex/latex/graphics-cfg\graphics.cfg
File: graphics.cfg 2016/06/04 v1.11 sample graphics configuration
)
Package graphics Info: Driver file: pdftex.def on input line 107.
 (C:\Users\nihar\AppData\Local\Programs\MiKTeX\tex/latex/graphics-def\pdftex.def
File: pdftex.def 2022/09/22 v1.2b Graphics/color driver for pdftex
))
\Gin@req@height=\dimen150
\Gin@req@width=\dimen151
) (C:\Users\nihar\AppData\Local\Programs\MiKTeX\tex/latex/float\float.sty
Package: float 2001/11/08 v1.3d Float enhancements (AL)
\c@float@type=\count272
\float@exts=\toks23
\float@box=\box53
\@float@everytoks=\toks24
\@floatcapt=\box54
) (C:\Users\nihar\AppData\Local\Programs\MiKTeX\tex/latex/amscls\amsthm.sty
Package: amsthm 2020/05/29 v2.20.6
\thm@style=\toks25
\thm@bodyfont=\toks26
\thm@headfont=\toks27
\thm@notefont=\toks28
\thm@headpunct=\toks29
\thm@preskip=\skip53
\thm@postskip=\skip54
\thm@headsep=\skip55
\dth@everypar=\toks30
) (C:\Users\nihar\AppData\Local\Programs\MiKTeX\tex/latex/hyperref\hyperref.sty
Package: hyperref 2023-07-08 v7.01b Hypertext links for LaTeX
 (C:\Users\nihar\AppData\Local\Programs\MiKTeX\tex/generic/ltxcmds\ltxcmds.sty
Package: ltxcmds 2020-05-10 v1.25 LaTeX kernel commands for general use (HO)
) (C:\Users\nihar\AppData\Local\Programs\MiKTeX\tex/generic/iftex\iftex.sty
Package: iftex 2022/02/03 v1.0f TeX engine tests
) (C:\Users\nihar\AppData\Local\Programs\MiKTeX\tex/generic/pdftexcmds\pdftexcmds.sty
Package: pdftexcmds 2020-06-27 v0.33 Utility functions of pdfTeX for LuaTeX (HO)
 (C:\Users\nihar\AppData\Local\Programs\MiKTeX\tex/generic/infwarerr\infwarerr.sty
Package: infwarerr 2019/12/03 v1.5 Providing info/warning/error messages (HO)
)
Package pdftexcmds Info: \pdf@primitive is available.
Package pdftexcmds Info: \pdf@ifprimitive is available.
Package pdftexcmds Info: \pdfdraftmode found.
) (C:\Users\nihar\AppData\Local\Programs\MiKTeX\tex/latex/kvsetkeys\kvsetkeys.sty
Package: kvsetkeys 2022-10-05 v1.19 Key value parser (HO)
) (C:\Users\nihar\AppData\Local\Programs\MiKTeX\tex/generic/kvdefinekeys\kvdefinekeys.sty
Package: kvdefinekeys 2019-12-19 v1.6 Define keys (HO)
) (C:\Users\nihar\AppData\Local\Programs\MiKTeX\tex/generic/pdfescape\pdfescape.sty
Package: pdfescape 2019/12/09 v1.15 Implements pdfTeX's escape features (HO)
) (C:\Users\nihar\AppData\Local\Programs\MiKTeX\tex/latex/hycolor\hycolor.sty
Package: hycolor 2020-01-27 v1.10 Color options for hyperref/bookmark (HO)
) (C:\Users\nihar\AppData\Local\Programs\MiKTeX\tex/latex/letltxmacro\letltxmacro.sty
Package: letltxmacro 2019/12/03 v1.6 Let assignment for LaTeX macros (HO)
) (C:\Users\nihar\AppData\Local\Programs\MiKTeX\tex/latex/auxhook\auxhook.sty
Package: auxhook 2019-12-17 v1.6 Hooks for auxiliary files (HO)
) (C:\Users\nihar\AppData\Local\Programs\MiKTeX\tex/latex/hyperref\nameref.sty
Package: nameref 2023-08-07 v2.53 Cross-referencing by name of section
 (C:\Users\nihar\AppData\Local\Programs\MiKTeX\tex/latex/refcount\refcount.sty
Package: refcount 2019/12/15 v3.6 Data extraction from label references (HO)
) (C:\Users\nihar\AppData\Local\Programs\MiKTeX\tex/generic/gettitlestring\gettitlestring.sty
Package: gettitlestring 2019/12/15 v1.6 Cleanup title references (HO)
 (C:\Users\nihar\AppData\Local\Programs\MiKTeX\tex/latex/kvoptions\kvoptions.sty
Package: kvoptions 2022-06-15 v3.15 Key value format for package options (HO)
))
\c@section@level=\count273
) (C:\Users\nihar\AppData\Local\Programs\MiKTeX\tex/latex/etoolbox\etoolbox.sty
Package: etoolbox 2020/10/05 v2.5k e-TeX tools for LaTeX (JAW)
\etb@tempcnta=\count274
)
\@linkdim=\dimen152
\Hy@linkcounter=\count275
\Hy@pagecounter=\count276
 (C:\Users\nihar\AppData\Local\Programs\MiKTeX\tex/latex/hyperref\pd1enc.def
File: pd1enc.def 2023-07-08 v7.01b Hyperref: PDFDocEncoding definition (HO)
Now handling font encoding PD1 ...
... no UTF-8 mapping file for font encoding PD1
) (C:\Users\nihar\AppData\Local\Programs\MiKTeX\tex/generic/intcalc\intcalc.sty
Package: intcalc 2019/12/15 v1.3 Expandable calculations with integers (HO)
)
\Hy@SavedSpaceFactor=\count277
 (C:\Users\nihar\AppData\Local\Programs\MiKTeX\tex/latex/hyperref\puenc.def
File: puenc.def 2023-07-08 v7.01b Hyperref: PDF Unicode definition (HO)
Now handling font encoding PU ...
... no UTF-8 mapping file for font encoding PU
)
Package hyperref Info: Hyper figures OFF on input line 4167.
Package hyperref Info: Link nesting OFF on input line 4172.
Package hyperref Info: Hyper index ON on input line 4175.
Package hyperref Info: Plain pages OFF on input line 4182.
Package hyperref Info: Backreferencing OFF on input line 4187.
Package hyperref Info: Implicit mode ON; LaTeX internals redefined.
Package hyperref Info: Bookmarks ON on input line 4434.
\c@Hy@tempcnt=\count278
 (C:\Users\nihar\AppData\Local\Programs\MiKTeX\tex/latex/url\url.sty
\Urlmuskip=\muskip17
Package: url 2013/09/16  ver 3.4  Verb mode for urls, etc.
)
LaTeX Info: Redefining \url on input line 4772.
\XeTeXLinkMargin=\dimen153
 (C:\Users\nihar\AppData\Local\Programs\MiKTeX\tex/generic/bitset\bitset.sty
Package: bitset 2019/12/09 v1.3 Handle bit-vector datatype (HO)
 (C:\Users\nihar\AppData\Local\Programs\MiKTeX\tex/generic/bigintcalc\bigintcalc.sty
Package: bigintcalc 2019/12/15 v1.5 Expandable calculations on big integers (HO)
))
\Fld@menulength=\count279
\Field@Width=\dimen154
\Fld@charsize=\dimen155
Package hyperref Info: Hyper figures OFF on input line 6051.
Package hyperref Info: Link nesting OFF on input line 6056.
Package hyperref Info: Hyper index ON on input line 6059.
Package hyperref Info: backreferencing OFF on input line 6066.
Package hyperref Info: Link coloring OFF on input line 6071.
Package hyperref Info: Link coloring with OCG OFF on input line 6076.
Package hyperref Info: PDF/A mode OFF on input line 6081.
 (C:\Users\nihar\AppData\Local\Programs\MiKTeX\tex/latex/base\atbegshi-ltx.sty
Package: atbegshi-ltx 2021/01/10 v1.0c Emulation of the original atbegshi
package with kernel methods
)
\Hy@abspage=\count280
\c@Item=\count281
\c@Hfootnote=\count282
)
Package hyperref Info: Driver (autodetected): hpdftex.
 (C:\Users\nihar\AppData\Local\Programs\MiKTeX\tex/latex/hyperref\hpdftex.def
File: hpdftex.def 2023-07-08 v7.01b Hyperref driver for pdfTeX
 (C:\Users\nihar\AppData\Local\Programs\MiKTeX\tex/latex/base\atveryend-ltx.sty
Package: atveryend-ltx 2020/08/19 v1.0a Emulation of the original atveryend package
with kernel methods
)
\Fld@listcount=\count283
\c@bookmark@seq@number=\count284
 (C:\Users\nihar\AppData\Local\Programs\MiKTeX\tex/latex/rerunfilecheck\rerunfilecheck.sty
Package: rerunfilecheck 2022-07-10 v1.10 Rerun checks for auxiliary files (HO)
 (C:\Users\nihar\AppData\Local\Programs\MiKTeX\tex/generic/uniquecounter\uniquecounter.sty
Package: uniquecounter 2019/12/15 v1.4 Provide unlimited unique counter (HO)
)
Package uniquecounter Info: New unique counter `rerunfilecheck' on input line 285.
)
\Hy@SectionHShift=\skip56
) (C:\Users\nihar\AppData\Local\Programs\MiKTeX\tex/latex/cleveref\cleveref.sty
Package: cleveref 2018/03/27 v0.21.4 Intelligent cross-referencing
Package cleveref Info: `hyperref' support loaded on input line 2370.
LaTeX Info: Redefining \cref on input line 2370.
LaTeX Info: Redefining \Cref on input line 2370.
LaTeX Info: Redefining \crefrange on input line 2370.
LaTeX Info: Redefining \Crefrange on input line 2370.
LaTeX Info: Redefining \cpageref on input line 2370.
LaTeX Info: Redefining \Cpageref on input line 2370.
LaTeX Info: Redefining \cpagerefrange on input line 2370.
LaTeX Info: Redefining \Cpagerefrange on input line 2370.
LaTeX Info: Redefining \labelcref on input line 2370.
LaTeX Info: Redefining \labelcpageref on input line 2370.
Package cleveref Info: `amsthm' support loaded on input line 3026.
) (C:\Users\nihar\AppData\Local\Programs\MiKTeX\tex/latex/caption\caption.sty
Package: caption 2023/08/05 v3.6o Customizing captions (AR)
 (C:\Users\nihar\AppData\Local\Programs\MiKTeX\tex/latex/caption\caption3.sty
Package: caption3 2023/07/31 v2.4d caption3 kernel (AR)
\caption@tempdima=\dimen156
\captionmargin=\dimen157
\caption@leftmargin=\dimen158
\caption@rightmargin=\dimen159
\caption@width=\dimen160
\caption@indent=\dimen161
\caption@parindent=\dimen162
\caption@hangindent=\dimen163
Package caption Info: Standard document class detected.
)
\c@caption@flags=\count285
\c@continuedfloat=\count286
Package caption Info: float package is loaded.
Package caption Info: hyperref package is loaded.
) (C:\Users\nihar\AppData\Local\Programs\MiKTeX\tex/latex/caption\subcaption.sty
Package: subcaption 2023/07/28 v1.6b Sub-captions (AR)
Package caption Info: New subtype `subfigure' on input line 238.
\c@subfigure=\count287
Package caption Info: New subtype `subtable' on input line 238.
\c@subtable=\count288
) (C:\Users\nihar\AppData\Local\Programs\MiKTeX\tex/latex/enumitem\enumitem.sty
Package: enumitem 2019/06/20 v3.9 Customized lists
\labelindent=\skip57
\enit@outerparindent=\dimen164
\enit@toks=\toks31
\enit@inbox=\box55
\enit@count@id=\count289
\enitdp@description=\count290
) (C:\Users\nihar\AppData\Local\Programs\MiKTeX\tex/latex/appendix\appendix.sty
Package: appendix 2020/02/08 v1.2c extra appendix facilities
\c@@pps=\count291
\c@@ppsavesec=\count292
\c@@ppsaveapp=\count293
) (C:\Users\nihar\AppData\Local\Programs\MiKTeX\tex/latex/titlesec\titlesec.sty
Package: titlesec 2021/07/05 v2.14 Sectioning titles
\ttl@box=\box56
\beforetitleunit=\skip58
\aftertitleunit=\skip59
\ttl@plus=\dimen165
\ttl@minus=\dimen166
\ttl@toksa=\toks32
\titlewidth=\dimen167
\titlewidthlast=\dimen168
\titlewidthfirst=\dimen169
) (C:\Users\nihar\AppData\Local\Programs\MiKTeX\tex/latex/lipsum\lipsum.sty (C:\Users\nihar\AppData\Local\Programs\MiKTeX\tex/latex/l3packages/l3keys2e\l3keys2e.sty (C:\Users\nihar\AppData\Local\Programs\MiKTeX\tex/latex/l3kernel\expl3.sty
Package: expl3 2023-10-10 L3 programming layer (loader) 
 (C:\Users\nihar\AppData\Local\Programs\MiKTeX\tex/latex/l3backend\l3backend-pdftex.def
File: l3backend-pdftex.def 2023-10-10 L3 backend support: PDF output (pdfTeX)
\l__color_backend_stack_int=\count294
\l__pdf_internal_box=\box57
))
Package: l3keys2e 2023-10-10 LaTeX2e option processing using LaTeX3 keys
)
Package: lipsum 2021-09-20 v2.7 150 paragraphs of Lorem Ipsum dummy text
\g__lipsum_par_int=\count295
\l__lipsum_a_int=\count296
\l__lipsum_b_int=\count297
 (C:\Users\nihar\AppData\Local\Programs\MiKTeX\tex/latex/lipsum\lipsum.ltd.tex)) (C:\Users\nihar\AppData\Local\Programs\MiKTeX\tex/latex/setspace\setspace.sty
Package: setspace 2022/12/04 v6.7b set line spacing
) (C:\Users\nihar\AppData\Local\Programs\MiKTeX\tex/latex/geometry\geometry.sty
Package: geometry 2020/01/02 v5.9 Page Geometry
 (C:\Users\nihar\AppData\Local\Programs\MiKTeX\tex/generic/iftex\ifvtex.sty
Package: ifvtex 2019/10/25 v1.7 ifvtex legacy package. Use iftex instead.
)
\Gm@cnth=\count298
\Gm@cntv=\count299
\c@Gm@tempcnt=\count300
\Gm@bindingoffset=\dimen170
\Gm@wd@mp=\dimen171
\Gm@odd@mp=\dimen172
\Gm@even@mp=\dimen173
\Gm@layoutwidth=\dimen174
\Gm@layoutheight=\dimen175
\Gm@layouthoffset=\dimen176
\Gm@layoutvoffset=\dimen177
\Gm@dimlist=\toks33
 (C:\Users\nihar\AppData\Local\Programs\MiKTeX\tex/latex/geometry\geometry.cfg)) (C:\Users\nihar\AppData\Local\Programs\MiKTeX\tex/latex/pdflscape\pdflscape.sty
Package: pdflscape 2022-10-27 v0.13 Display of landscape pages in PDF
 (C:\Users\nihar\AppData\Local\Programs\MiKTeX\tex/latex/pdflscape\pdflscape-nometadata.sty
Package: pdflscape-nometadata 2022-10-28 v0.13 Display of landscape pages in PDF (HO)
 (C:\Users\nihar\AppData\Local\Programs\MiKTeX\tex/latex/graphics\lscape.sty
Package: lscape 2020/05/28 v3.02 Landscape Pages (DPC)
)
Package pdflscape Info: Auto-detected driver: pdftex on input line 81.
)) (C:\Users\nihar\AppData\Local\Programs\MiKTeX\tex/latex/pdfpages\pdfpages.sty
Package: pdfpages 2022/12/19 v0.5x Insert pages of external PDF documents (AM)
 (C:\Users\nihar\AppData\Local\Programs\MiKTeX\tex/latex/base\ifthen.sty
Package: ifthen 2022/04/13 v1.1d Standard LaTeX ifthen package (DPC)
) (C:\Users\nihar\AppData\Local\Programs\MiKTeX\tex/latex/tools\calc.sty
Package: calc 2017/05/25 v4.3 Infix arithmetic (KKT,FJ)
\calc@Acount=\count301
\calc@Bcount=\count302
\calc@Adimen=\dimen178
\calc@Bdimen=\dimen179
\calc@Askip=\skip60
\calc@Bskip=\skip61
LaTeX Info: Redefining \setlength on input line 80.
LaTeX Info: Redefining \addtolength on input line 81.
\calc@Ccount=\count303
\calc@Cskip=\skip62
) (C:\Users\nihar\AppData\Local\Programs\MiKTeX\tex/latex/eso-pic\eso-pic.sty
Package: eso-pic 2023/05/03 v3.0c eso-pic (RN)
\ESO@tempdima=\dimen180
\ESO@tempdimb=\dimen181
 (C:\Users\nihar\AppData\Local\Programs\MiKTeX\tex/latex/xcolor\xcolor.sty
Package: xcolor 2022/06/12 v2.14 LaTeX color extensions (UK)
 (C:\Users\nihar\AppData\Local\Programs\MiKTeX\tex/latex/graphics-cfg\color.cfg
File: color.cfg 2016/01/02 v1.6 sample color configuration
)
Package xcolor Info: Driver file: pdftex.def on input line 227.
 (C:\Users\nihar\AppData\Local\Programs\MiKTeX\tex/latex/graphics\mathcolor.ltx)
Package xcolor Info: Model `cmy' substituted by `cmy0' on input line 1353.
Package xcolor Info: Model `hsb' substituted by `rgb' on input line 1357.
Package xcolor Info: Model `RGB' extended on input line 1369.
Package xcolor Info: Model `HTML' substituted by `rgb' on input line 1371.
Package xcolor Info: Model `Hsb' substituted by `hsb' on input line 1372.
Package xcolor Info: Model `tHsb' substituted by `hsb' on input line 1373.
Package xcolor Info: Model `HSB' substituted by `hsb' on input line 1374.
Package xcolor Info: Model `Gray' substituted by `gray' on input line 1375.
Package xcolor Info: Model `wave' substituted by `hsb' on input line 1376.
))
\AM@pagewidth=\dimen182
\AM@pageheight=\dimen183
\AM@fboxrule=\dimen184
 (C:\Users\nihar\AppData\Local\Programs\MiKTeX\tex/latex/pdfpages\pppdftex.def
File: pppdftex.def 2022/12/19 v0.5x Pdfpages driver for pdfTeX (AM)
)
\pdfpages@includegraphics@status=\count304
\AM@pagebox=\box58
\AM@global@opts=\toks34
\AM@pagecnt=\count305
\AM@toc@title=\toks35
\AM@lof@heading=\toks36
\c@AM@survey=\count306
\AM@templatesizebox=\box59
) (C:\Users\nihar\AppData\Local\Programs\MiKTeX\tex/latex/wrapfig\wrapfig.sty
\wrapoverhang=\dimen185
\WF@size=\dimen186
\c@WF@wrappedlines=\count307
\WF@box=\box60
\WF@everypar=\toks37
Package: wrapfig 2003/01/31  v 3.6
) (C:\Users\nihar\AppData\Local\Programs\MiKTeX\tex/latex/fancyhdr\fancyhdr.sty
Package: fancyhdr 2022/11/09 v4.1 Extensive control of page headers and footers
\f@nch@headwidth=\skip63
\f@nch@O@elh=\skip64
\f@nch@O@erh=\skip65
\f@nch@O@olh=\skip66
\f@nch@O@orh=\skip67
\f@nch@O@elf=\skip68
\f@nch@O@erf=\skip69
\f@nch@O@olf=\skip70
\f@nch@O@orf=\skip71
) (C:\Users\nihar\AppData\Local\Programs\MiKTeX\tex/latex/jknappen\mathrsfs.sty
Package: mathrsfs 1996/01/01 Math RSFS package v1.0 (jk)
\symrsfs=\mathgroup6
) (C:\Users\nihar\AppData\Local\Programs\MiKTeX\tex/latex/pgf/frontendlayer\tikz.sty (C:\Users\nihar\AppData\Local\Programs\MiKTeX\tex/latex/pgf/basiclayer\pgf.sty (C:\Users\nihar\AppData\Local\Programs\MiKTeX\tex/latex/pgf/utilities\pgfrcs.sty (C:\Users\nihar\AppData\Local\Programs\MiKTeX\tex/generic/pgf/utilities\pgfutil-common.tex
\pgfutil@everybye=\toks38
\pgfutil@tempdima=\dimen187
\pgfutil@tempdimb=\dimen188
) (C:\Users\nihar\AppData\Local\Programs\MiKTeX\tex/generic/pgf/utilities\pgfutil-latex.def
\pgfutil@abb=\box61
) (C:\Users\nihar\AppData\Local\Programs\MiKTeX\tex/generic/pgf/utilities\pgfrcs.code.tex (C:\Users\nihar\AppData\Local\Programs\MiKTeX\tex/generic/pgf\pgf.revision.tex)
Package: pgfrcs 2023-01-15 v3.1.10 (3.1.10)
))
Package: pgf 2023-01-15 v3.1.10 (3.1.10)
 (C:\Users\nihar\AppData\Local\Programs\MiKTeX\tex/latex/pgf/basiclayer\pgfcore.sty (C:\Users\nihar\AppData\Local\Programs\MiKTeX\tex/latex/pgf/systemlayer\pgfsys.sty (C:\Users\nihar\AppData\Local\Programs\MiKTeX\tex/generic/pgf/systemlayer\pgfsys.code.tex
Package: pgfsys 2023-01-15 v3.1.10 (3.1.10)
 (C:\Users\nihar\AppData\Local\Programs\MiKTeX\tex/generic/pgf/utilities\pgfkeys.code.tex
\pgfkeys@pathtoks=\toks39
\pgfkeys@temptoks=\toks40
 (C:\Users\nihar\AppData\Local\Programs\MiKTeX\tex/generic/pgf/utilities\pgfkeyslibraryfiltered.code.tex
\pgfkeys@tmptoks=\toks41
))
\pgf@x=\dimen189
\pgf@y=\dimen190
\pgf@xa=\dimen191
\pgf@ya=\dimen192
\pgf@xb=\dimen193
\pgf@yb=\dimen194
\pgf@xc=\dimen195
\pgf@yc=\dimen196
\pgf@xd=\dimen197
\pgf@yd=\dimen198
\w@pgf@writea=\write3
\r@pgf@reada=\read2
\c@pgf@counta=\count308
\c@pgf@countb=\count309
\c@pgf@countc=\count310
\c@pgf@countd=\count311
\t@pgf@toka=\toks42
\t@pgf@tokb=\toks43
\t@pgf@tokc=\toks44
\pgf@sys@id@count=\count312
 (C:\Users\nihar\AppData\Local\Programs\MiKTeX\tex/generic/pgf/systemlayer\pgf.cfg
File: pgf.cfg 2023-01-15 v3.1.10 (3.1.10)
)
Driver file for pgf: pgfsys-pdftex.def
 (C:\Users\nihar\AppData\Local\Programs\MiKTeX\tex/generic/pgf/systemlayer\pgfsys-pdftex.def
File: pgfsys-pdftex.def 2023-01-15 v3.1.10 (3.1.10)
 (C:\Users\nihar\AppData\Local\Programs\MiKTeX\tex/generic/pgf/systemlayer\pgfsys-common-pdf.def
File: pgfsys-common-pdf.def 2023-01-15 v3.1.10 (3.1.10)
))) (C:\Users\nihar\AppData\Local\Programs\MiKTeX\tex/generic/pgf/systemlayer\pgfsyssoftpath.code.tex
File: pgfsyssoftpath.code.tex 2023-01-15 v3.1.10 (3.1.10)
\pgfsyssoftpath@smallbuffer@items=\count313
\pgfsyssoftpath@bigbuffer@items=\count314
) (C:\Users\nihar\AppData\Local\Programs\MiKTeX\tex/generic/pgf/systemlayer\pgfsysprotocol.code.tex
File: pgfsysprotocol.code.tex 2023-01-15 v3.1.10 (3.1.10)
)) (C:\Users\nihar\AppData\Local\Programs\MiKTeX\tex/generic/pgf/basiclayer\pgfcore.code.tex
Package: pgfcore 2023-01-15 v3.1.10 (3.1.10)
 (C:\Users\nihar\AppData\Local\Programs\MiKTeX\tex/generic/pgf/math\pgfmath.code.tex (C:\Users\nihar\AppData\Local\Programs\MiKTeX\tex/generic/pgf/math\pgfmathutil.code.tex) (C:\Users\nihar\AppData\Local\Programs\MiKTeX\tex/generic/pgf/math\pgfmathparser.code.tex
\pgfmath@dimen=\dimen199
\pgfmath@count=\count315
\pgfmath@box=\box62
\pgfmath@toks=\toks45
\pgfmath@stack@operand=\toks46
\pgfmath@stack@operation=\toks47
) (C:\Users\nihar\AppData\Local\Programs\MiKTeX\tex/generic/pgf/math\pgfmathfunctions.code.tex) (C:\Users\nihar\AppData\Local\Programs\MiKTeX\tex/generic/pgf/math\pgfmathfunctions.basic.code.tex) (C:\Users\nihar\AppData\Local\Programs\MiKTeX\tex/generic/pgf/math\pgfmathfunctions.trigonometric.code.tex) (C:\Users\nihar\AppData\Local\Programs\MiKTeX\tex/generic/pgf/math\pgfmathfunctions.random.code.tex) (C:\Users\nihar\AppData\Local\Programs\MiKTeX\tex/generic/pgf/math\pgfmathfunctions.comparison.code.tex) (C:\Users\nihar\AppData\Local\Programs\MiKTeX\tex/generic/pgf/math\pgfmathfunctions.base.code.tex) (C:\Users\nihar\AppData\Local\Programs\MiKTeX\tex/generic/pgf/math\pgfmathfunctions.round.code.tex) (C:\Users\nihar\AppData\Local\Programs\MiKTeX\tex/generic/pgf/math\pgfmathfunctions.misc.code.tex) (C:\Users\nihar\AppData\Local\Programs\MiKTeX\tex/generic/pgf/math\pgfmathfunctions.integerarithmetics.code.tex) (C:\Users\nihar\AppData\Local\Programs\MiKTeX\tex/generic/pgf/math\pgfmathcalc.code.tex) (C:\Users\nihar\AppData\Local\Programs\MiKTeX\tex/generic/pgf/math\pgfmathfloat.code.tex
\c@pgfmathroundto@lastzeros=\count316
)) (C:\Users\nihar\AppData\Local\Programs\MiKTeX\tex/generic/pgf/math\pgfint.code.tex) (C:\Users\nihar\AppData\Local\Programs\MiKTeX\tex/generic/pgf/basiclayer\pgfcorepoints.code.tex
File: pgfcorepoints.code.tex 2023-01-15 v3.1.10 (3.1.10)
\pgf@picminx=\dimen256
\pgf@picmaxx=\dimen257
\pgf@picminy=\dimen258
\pgf@picmaxy=\dimen259
\pgf@pathminx=\dimen260
\pgf@pathmaxx=\dimen261
\pgf@pathminy=\dimen262
\pgf@pathmaxy=\dimen263
\pgf@xx=\dimen264
\pgf@xy=\dimen265
\pgf@yx=\dimen266
\pgf@yy=\dimen267
\pgf@zx=\dimen268
\pgf@zy=\dimen269
) (C:\Users\nihar\AppData\Local\Programs\MiKTeX\tex/generic/pgf/basiclayer\pgfcorepathconstruct.code.tex
File: pgfcorepathconstruct.code.tex 2023-01-15 v3.1.10 (3.1.10)
\pgf@path@lastx=\dimen270
\pgf@path@lasty=\dimen271
) (C:\Users\nihar\AppData\Local\Programs\MiKTeX\tex/generic/pgf/basiclayer\pgfcorepathusage.code.tex
File: pgfcorepathusage.code.tex 2023-01-15 v3.1.10 (3.1.10)
\pgf@shorten@end@additional=\dimen272
\pgf@shorten@start@additional=\dimen273
) (C:\Users\nihar\AppData\Local\Programs\MiKTeX\tex/generic/pgf/basiclayer\pgfcorescopes.code.tex
File: pgfcorescopes.code.tex 2023-01-15 v3.1.10 (3.1.10)
\pgfpic=\box63
\pgf@hbox=\box64
\pgf@layerbox@main=\box65
\pgf@picture@serial@count=\count317
) (C:\Users\nihar\AppData\Local\Programs\MiKTeX\tex/generic/pgf/basiclayer\pgfcoregraphicstate.code.tex
File: pgfcoregraphicstate.code.tex 2023-01-15 v3.1.10 (3.1.10)
\pgflinewidth=\dimen274
) (C:\Users\nihar\AppData\Local\Programs\MiKTeX\tex/generic/pgf/basiclayer\pgfcoretransformations.code.tex
File: pgfcoretransformations.code.tex 2023-01-15 v3.1.10 (3.1.10)
\pgf@pt@x=\dimen275
\pgf@pt@y=\dimen276
\pgf@pt@temp=\dimen277
) (C:\Users\nihar\AppData\Local\Programs\MiKTeX\tex/generic/pgf/basiclayer\pgfcorequick.code.tex
File: pgfcorequick.code.tex 2023-01-15 v3.1.10 (3.1.10)
) (C:\Users\nihar\AppData\Local\Programs\MiKTeX\tex/generic/pgf/basiclayer\pgfcoreobjects.code.tex
File: pgfcoreobjects.code.tex 2023-01-15 v3.1.10 (3.1.10)
) (C:\Users\nihar\AppData\Local\Programs\MiKTeX\tex/generic/pgf/basiclayer\pgfcorepathprocessing.code.tex
File: pgfcorepathprocessing.code.tex 2023-01-15 v3.1.10 (3.1.10)
) (C:\Users\nihar\AppData\Local\Programs\MiKTeX\tex/generic/pgf/basiclayer\pgfcorearrows.code.tex
File: pgfcorearrows.code.tex 2023-01-15 v3.1.10 (3.1.10)
\pgfarrowsep=\dimen278
) (C:\Users\nihar\AppData\Local\Programs\MiKTeX\tex/generic/pgf/basiclayer\pgfcoreshade.code.tex
File: pgfcoreshade.code.tex 2023-01-15 v3.1.10 (3.1.10)
\pgf@max=\dimen279
\pgf@sys@shading@range@num=\count318
\pgf@shadingcount=\count319
) (C:\Users\nihar\AppData\Local\Programs\MiKTeX\tex/generic/pgf/basiclayer\pgfcoreimage.code.tex
File: pgfcoreimage.code.tex 2023-01-15 v3.1.10 (3.1.10)
) (C:\Users\nihar\AppData\Local\Programs\MiKTeX\tex/generic/pgf/basiclayer\pgfcoreexternal.code.tex
File: pgfcoreexternal.code.tex 2023-01-15 v3.1.10 (3.1.10)
\pgfexternal@startupbox=\box66
)
(C:\Users\nihar\AppData\Local\Programs\MiKTeX\tex/generic/pgf/basiclayer\pgfcorelayers.code.tex
File: pgfcorelayers.code.tex 2023-01-15 v3.1.10 (3.1.10)
) (C:\Users\nihar\AppData\Local\Programs\MiKTeX\tex/generic/pgf/basiclayer\pgfcoretransparency.code.tex
File: pgfcoretransparency.code.tex 2023-01-15 v3.1.10 (3.1.10)
) (C:\Users\nihar\AppData\Local\Programs\MiKTeX\tex/generic/pgf/basiclayer\pgfcorepatterns.code.tex
File: pgfcorepatterns.code.tex 2023-01-15 v3.1.10 (3.1.10)
) (C:\Users\nihar\AppData\Local\Programs\MiKTeX\tex/generic/pgf/basiclayer\pgfcorerdf.code.tex
File: pgfcorerdf.code.tex 2023-01-15 v3.1.10 (3.1.10)
))) (C:\Users\nihar\AppData\Local\Programs\MiKTeX\tex/generic/pgf/modules\pgfmoduleshapes.code.tex
File: pgfmoduleshapes.code.tex 2023-01-15 v3.1.10 (3.1.10)
\pgfnodeparttextbox=\box67
) (C:\Users\nihar\AppData\Local\Programs\MiKTeX\tex/generic/pgf/modules\pgfmoduleplot.code.tex
File: pgfmoduleplot.code.tex 2023-01-15 v3.1.10 (3.1.10)
) (C:\Users\nihar\AppData\Local\Programs\MiKTeX\tex/latex/pgf/compatibility\pgfcomp-version-0-65.sty
Package: pgfcomp-version-0-65 2023-01-15 v3.1.10 (3.1.10)
\pgf@nodesepstart=\dimen280
\pgf@nodesepend=\dimen281
) (C:\Users\nihar\AppData\Local\Programs\MiKTeX\tex/latex/pgf/compatibility\pgfcomp-version-1-18.sty
Package: pgfcomp-version-1-18 2023-01-15 v3.1.10 (3.1.10)
)) (C:\Users\nihar\AppData\Local\Programs\MiKTeX\tex/latex/pgf/utilities\pgffor.sty (C:\Users\nihar\AppData\Local\Programs\MiKTeX\tex/latex/pgf/utilities\pgfkeys.sty (C:\Users\nihar\AppData\Local\Programs\MiKTeX\tex/generic/pgf/utilities\pgfkeys.code.tex)) (C:\Users\nihar\AppData\Local\Programs\MiKTeX\tex/latex/pgf/math\pgfmath.sty (C:\Users\nihar\AppData\Local\Programs\MiKTeX\tex/generic/pgf/math\pgfmath.code.tex)) (C:\Users\nihar\AppData\Local\Programs\MiKTeX\tex/generic/pgf/utilities\pgffor.code.tex
Package: pgffor 2023-01-15 v3.1.10 (3.1.10)
\pgffor@iter=\dimen282
\pgffor@skip=\dimen283
\pgffor@stack=\toks48
\pgffor@toks=\toks49
)) (C:\Users\nihar\AppData\Local\Programs\MiKTeX\tex/generic/pgf/frontendlayer/tikz\tikz.code.tex
Package: tikz 2023-01-15 v3.1.10 (3.1.10)
 (C:\Users\nihar\AppData\Local\Programs\MiKTeX\tex/generic/pgf/libraries\pgflibraryplothandlers.code.tex
File: pgflibraryplothandlers.code.tex 2023-01-15 v3.1.10 (3.1.10)
\pgf@plot@mark@count=\count320
\pgfplotmarksize=\dimen284
)
\tikz@lastx=\dimen285
\tikz@lasty=\dimen286
\tikz@lastxsaved=\dimen287
\tikz@lastysaved=\dimen288
\tikz@lastmovetox=\dimen289
\tikz@lastmovetoy=\dimen290
\tikzleveldistance=\dimen291
\tikzsiblingdistance=\dimen292
\tikz@figbox=\box68
\tikz@figbox@bg=\box69
\tikz@tempbox=\box70
\tikz@tempbox@bg=\box71
\tikztreelevel=\count321
\tikznumberofchildren=\count322
\tikznumberofcurrentchild=\count323
\tikz@fig@count=\count324
 (C:\Users\nihar\AppData\Local\Programs\MiKTeX\tex/generic/pgf/modules\pgfmodulematrix.code.tex
File: pgfmodulematrix.code.tex 2023-01-15 v3.1.10 (3.1.10)
\pgfmatrixcurrentrow=\count325
\pgfmatrixcurrentcolumn=\count326
\pgf@matrix@numberofcolumns=\count327
)
\tikz@expandcount=\count328
 (C:\Users\nihar\AppData\Local\Programs\MiKTeX\tex/generic/pgf/frontendlayer/tikz/libraries\tikzlibrarytopaths.code.tex
File: tikzlibrarytopaths.code.tex 2023-01-15 v3.1.10 (3.1.10)
))) (C:\Users\nihar\AppData\Local\Programs\MiKTeX\tex/latex/tikz-cd\tikz-cd.sty
Package: tikz-cd 2021/05/04 v1.0 Commutative diagrams with TikZ
 (C:\Users\nihar\AppData\Local\Programs\MiKTeX\tex/latex/tikz-cd\tikzlibrarycd.code.tex (C:\Users\nihar\AppData\Local\Programs\MiKTeX\tex/generic/pgf/frontendlayer/tikz/libraries\tikzlibrarymatrix.code.tex
File: tikzlibrarymatrix.code.tex 2023-01-15 v3.1.10 (3.1.10)
) (C:\Users\nihar\AppData\Local\Programs\MiKTeX\tex/generic/pgf/frontendlayer/tikz/libraries\tikzlibraryquotes.code.tex
File: tikzlibraryquotes.code.tex 2023-01-15 v3.1.10 (3.1.10)
) (C:\Users\nihar\AppData\Local\Programs\MiKTeX\tex/generic/pgf/libraries\pgflibraryarrows.meta.code.tex
File: pgflibraryarrows.meta.code.tex 2023-01-15 v3.1.10 (3.1.10)
\pgfarrowinset=\dimen293
\pgfarrowlength=\dimen294
\pgfarrowwidth=\dimen295
\pgfarrowlinewidth=\dimen296
))) (C:\Users\nihar\AppData\Local\Programs\MiKTeX\tex/latex/pgfplots\pgfplots.sty (C:\Users\nihar\AppData\Local\Programs\MiKTeX\tex/generic/pgfplots\pgfplots.revision.tex)
Package: pgfplots 2021/05/15 v1.18.1 Data Visualization (1.18.1)
 (C:\Users\nihar\AppData\Local\Programs\MiKTeX\tex/generic/pgfplots\pgfplots.code.tex (C:\Users\nihar\AppData\Local\Programs\MiKTeX\tex/generic/pgfplots\pgfplotscore.code.tex
\t@pgfplots@toka=\toks50
\t@pgfplots@tokb=\toks51
\t@pgfplots@tokc=\toks52
\pgfplots@tmpa=\dimen297
\c@pgfplots@coordindex=\count329
\c@pgfplots@scanlineindex=\count330
 (C:\Users\nihar\AppData\Local\Programs\MiKTeX\tex/generic/pgfplots/sys\pgfplotssysgeneric.code.tex)) (C:\Users\nihar\AppData\Local\Programs\MiKTeX\tex/generic/pgfplots/libs\pgfplotslibrary.code.tex) (C:\Users\nihar\AppData\Local\Programs\MiKTeX\tex/generic/pgfplots/oldpgfcompatib\pgfplotsoldpgfsupp_loader.code.tex (C:\Users\nihar\AppData\Local\Programs\MiKTeX\tex/generic/pgf/libraries\pgflibraryfpu.code.tex)
Package pgfplots: loading complementary utilities for your pgf version...
\t@pgf@toka=\toks53
\t@pgf@tokb=\toks54
\t@pgf@tokc=\toks55
(C:\Users\nihar\AppData\Local\Programs\MiKTeX\tex/generic/pgfplots/oldpgfcompatib\pgfplotsoldpgfsupp_pgfutil-common-lists.tex)) (C:\Users\nihar\AppData\Local\Programs\MiKTeX\tex/generic/pgfplots/util\pgfplotsutil.code.tex (C:\Users\nihar\AppData\Local\Programs\MiKTeX\tex/generic/pgfplots/liststructure\pgfplotsliststructure.code.tex) (C:\Users\nihar\AppData\Local\Programs\MiKTeX\tex/generic/pgfplots/liststructure\pgfplotsliststructureext.code.tex) (C:\Users\nihar\AppData\Local\Programs\MiKTeX\tex/generic/pgfplots/liststructure\pgfplotsarray.code.tex
\c@pgfplotsarray@tmp=\count331
) (C:\Users\nihar\AppData\Local\Programs\MiKTeX\tex/generic/pgfplots/liststructure\pgfplotsmatrix.code.tex) (C:\Users\nihar\AppData\Local\Programs\MiKTeX\tex/generic/pgfplots/numtable\pgfplotstableshared.code.tex
\c@pgfplotstable@counta=\count332
\t@pgfplotstable@a=\toks56
) (C:\Users\nihar\AppData\Local\Programs\MiKTeX\tex/generic/pgfplots/liststructure\pgfplotsdeque.code.tex) (C:\Users\nihar\AppData\Local\Programs\MiKTeX\tex/generic/pgfplots/util\pgfplotsbinary.code.tex (C:\Users\nihar\AppData\Local\Programs\MiKTeX\tex/generic/pgfplots/util\pgfplotsbinary.data.code.tex)) (C:\Users\nihar\AppData\Local\Programs\MiKTeX\tex/generic/pgfplots/util\pgfplotsutil.verb.code.tex) (C:\Users\nihar\AppData\Local\Programs\MiKTeX\tex/generic/pgfplots/libs\pgflibrarypgfplots.surfshading.code.tex
\c@pgfplotslibrarysurf@no=\count333
 (C:\Users\nihar\AppData\Local\Programs\MiKTeX\tex/generic/pgfplots/sys\pgflibrarypgfplots.surfshading.pgfsys-pdftex.def))) (C:\Users\nihar\AppData\Local\Programs\MiKTeX\tex/generic/pgfplots/util\pgfplotscolormap.code.tex (C:\Users\nihar\AppData\Local\Programs\MiKTeX\tex/generic/pgfplots/util\pgfplotscolor.code.tex)) (C:\Users\nihar\AppData\Local\Programs\MiKTeX\tex/generic/pgfplots\pgfplotsstackedplots.code.tex) (C:\Users\nihar\AppData\Local\Programs\MiKTeX\tex/generic/pgfplots\pgfplotsplothandlers.code.tex (C:\Users\nihar\AppData\Local\Programs\MiKTeX\tex/generic/pgfplots\pgfplotsmeshplothandler.code.tex (C:\Users\nihar\AppData\Local\Programs\MiKTeX\tex/generic/pgfplots\pgfplotsmeshplotimage.code.tex))) (C:\Users\nihar\AppData\Local\Programs\MiKTeX\tex/generic/pgfplots\pgfplots.scaling.code.tex) (C:\Users\nihar\AppData\Local\Programs\MiKTeX\tex/generic/pgfplots\pgfplotscoordprocessing.code.tex) (C:\Users\nihar\AppData\Local\Programs\MiKTeX\tex/generic/pgfplots\pgfplots.errorbars.code.tex) (C:\Users\nihar\AppData\Local\Programs\MiKTeX\tex/generic/pgfplots\pgfplots.markers.code.tex) (C:\Users\nihar\AppData\Local\Programs\MiKTeX\tex/generic/pgfplots\pgfplotsticks.code.tex) (C:\Users\nihar\AppData\Local\Programs\MiKTeX\tex/generic/pgfplots\pgfplots.paths.code.tex) (C:\Users\nihar\AppData\Local\Programs\MiKTeX\tex/generic/pgf/frontendlayer/tikz/libraries\tikzlibrarydecorations.code.tex (C:\Users\nihar\AppData\Local\Programs\MiKTeX\tex/generic/pgf/modules\pgfmoduledecorations.code.tex
\pgfdecoratedcompleteddistance=\dimen298
\pgfdecoratedremainingdistance=\dimen299
\pgfdecoratedinputsegmentcompleteddistance=\dimen300
\pgfdecoratedinputsegmentremainingdistance=\dimen301
\pgf@decorate@distancetomove=\dimen302
\pgf@decorate@repeatstate=\count334
\pgfdecorationsegmentamplitude=\dimen303
\pgfdecorationsegmentlength=\dimen304
)
\tikz@lib@dec@box=\box72
) (C:\Users\nihar\AppData\Local\Programs\MiKTeX\tex/generic/pgf/frontendlayer/tikz/libraries\tikzlibrarydecorations.pathmorphing.code.tex (C:\Users\nihar\AppData\Local\Programs\MiKTeX\tex/generic/pgf/libraries/decorations\pgflibrarydecorations.pathmorphing.code.tex)) (C:\Users\nihar\AppData\Local\Programs\MiKTeX\tex/generic/pgf/frontendlayer/tikz/libraries\tikzlibrarydecorations.pathreplacing.code.tex (C:\Users\nihar\AppData\Local\Programs\MiKTeX\tex/generic/pgf/libraries/decorations\pgflibrarydecorations.pathreplacing.code.tex)) (C:\Users\nihar\AppData\Local\Programs\MiKTeX\tex/generic/pgfplots/libs\tikzlibrarypgfplots.contourlua.code.tex)
\pgfplots@numplots=\count335
\pgfplots@xmin@reg=\dimen305
\pgfplots@xmax@reg=\dimen306
\pgfplots@ymin@reg=\dimen307
\pgfplots@ymax@reg=\dimen308
\pgfplots@zmin@reg=\dimen309
\pgfplots@zmax@reg=\dimen310
) (C:\Users\nihar\AppData\Local\Programs\MiKTeX\tex/generic/pgf/frontendlayer/tikz/libraries\tikzlibraryplotmarks.code.tex
File: tikzlibraryplotmarks.code.tex 2023-01-15 v3.1.10 (3.1.10)
 (C:\Users\nihar\AppData\Local\Programs\MiKTeX\tex/generic/pgf/libraries\pgflibraryplotmarks.code.tex
File: pgflibraryplotmarks.code.tex 2023-01-15 v3.1.10 (3.1.10)
))) (C:\Users\nihar\AppData\Local\Programs\MiKTeX\tex/latex/pgfplots\pgfplotstable.sty (C:\Users\nihar\AppData\Local\Programs\MiKTeX\tex/generic/pgfplots\pgfplots.revision.tex)
Package: pgfplotstable 2021/05/15 v1.18.1 Table typesetting and Pretty-printing (1.18.1)
 (C:\Users\nihar\AppData\Local\Programs\MiKTeX\tex/generic/pgfplots/numtable\pgfplotstable.code.tex (C:\Users\nihar\AppData\Local\Programs\MiKTeX\tex/generic/pgfplots/numtable\pgfplotstable.coltype.code.tex)) (C:\Users\nihar\AppData\Local\Programs\MiKTeX\tex/latex/tools\array.sty
Package: array 2022/09/04 v2.5g Tabular extension package (FMi)
\col@sep=\dimen311
\ar@mcellbox=\box73
\extrarowheight=\dimen312
\NC@list=\toks57
\extratabsurround=\skip72
\backup@length=\skip73
\ar@cellbox=\box74
)) (C:\Users\nihar\AppData\Local\Programs\MiKTeX\tex/latex/booktabs\booktabs.sty
Package: booktabs 2020/01/12 v1.61803398 Publication quality tables
\heavyrulewidth=\dimen313
\lightrulewidth=\dimen314
\cmidrulewidth=\dimen315
\belowrulesep=\dimen316
\belowbottomsep=\dimen317
\aboverulesep=\dimen318
\abovetopsep=\dimen319
\cmidrulesep=\dimen320
\cmidrulekern=\dimen321
\defaultaddspace=\dimen322
\@cmidla=\count336
\@cmidlb=\count337
\@aboverulesep=\dimen323
\@belowrulesep=\dimen324
\@thisruleclass=\count338
\@lastruleclass=\count339
\@thisrulewidth=\dimen325
) (C:\Users\nihar\AppData\Local\Programs\MiKTeX\tex/latex/multirow\multirow.sty
Package: multirow 2021/03/15 v2.8 Span multiple rows of a table
\multirow@colwidth=\skip74
\multirow@cntb=\count340
\multirow@dima=\skip75
\bigstrutjot=\dimen326
) (C:\Users\nihar\AppData\Local\Programs\MiKTeX\tex/latex/tools\longtable.sty
Package: longtable 2021-09-01 v4.17 Multi-page Table package (DPC)
\LTleft=\skip76
\LTright=\skip77
\LTpre=\skip78
\LTpost=\skip79
\LTchunksize=\count341
\LTcapwidth=\dimen327
\LT@head=\box75
\LT@firsthead=\box76
\LT@foot=\box77
\LT@lastfoot=\box78
\LT@gbox=\box79
\LT@cols=\count342
\LT@rows=\count343
\c@LT@tables=\count344
\c@LT@chunks=\count345
\LT@p@ftn=\toks58
) (C:\Users\nihar\AppData\Local\Programs\MiKTeX\tex/latex/listings\listings.sty
\lst@mode=\count346
\lst@gtempboxa=\box80
\lst@token=\toks59
\lst@length=\count347
\lst@currlwidth=\dimen328
\lst@column=\count348
\lst@pos=\count349
\lst@lostspace=\dimen329
\lst@width=\dimen330
\lst@newlines=\count350
\lst@lineno=\count351
\lst@maxwidth=\dimen331
 (C:\Users\nihar\AppData\Local\Programs\MiKTeX\tex/latex/listings\lstmisc.sty
File: lstmisc.sty 2023/02/27 1.9 (Carsten Heinz)
\c@lstnumber=\count352
\lst@skipnumbers=\count353
\lst@framebox=\box81
) (C:\Users\nihar\AppData\Local\Programs\MiKTeX\tex/latex/listings\listings.cfg
File: listings.cfg 2023/02/27 1.9 listings configuration
))
Package: listings 2023/02/27 1.9 (Carsten Heinz)
 (C:\Users\nihar\AppData\Local\Programs\MiKTeX\tex/latex/colortbl\colortbl.sty
Package: colortbl 2022/06/20 v1.0f Color table columns (DPC)
\everycr=\toks60
\minrowclearance=\skip80
\rownum=\count354
) (C:\Users\nihar\AppData\Local\Programs\MiKTeX\tex/latex/braket\braket.sty) (C:\Users\nihar\AppData\Local\Programs\MiKTeX\tex/latex/qcircuit\qcircuit.sty
Package: qcircuit 2018/08/14
 (C:\Users\nihar\AppData\Local\Programs\MiKTeX\tex/generic/xypic\xy.sty (C:\Users\nihar\AppData\Local\Programs\MiKTeX\tex/generic/xypic\xy.tex Bootstrap'ing: catcodes, docmode, (C:\Users\nihar\AppData\Local\Programs\MiKTeX\tex/generic/xypic\xyrecat.tex) (C:\Users\nihar\AppData\Local\Programs\MiKTeX\tex/generic/xypic\xyidioms.tex)

 Xy-pic version 3.8.9 <2013/10/06>
 Copyright (c) 1991-2013 by Kristoffer H. Rose <krisrose@tug.org> and others
 Xy-pic is free software: see the User's Guide for details.

Loading kernel: messages; fonts; allocations: state,
\X@c=\dimen332
\Y@c=\dimen333
\U@c=\dimen334
\D@c=\dimen335
\L@c=\dimen336
\R@c=\dimen337
\Edge@c=\toks61
\X@p=\dimen338
\Y@p=\dimen339
\U@p=\dimen340
\D@p=\dimen341
\L@p=\dimen342
\R@p=\dimen343
\Edge@p=\toks62
\X@origin=\dimen344
\Y@origin=\dimen345
\X@xbase=\dimen346
\Y@xbase=\dimen347
\X@ybase=\dimen348
\Y@ybase=\dimen349
\X@min=\dimen350
\Y@min=\dimen351
\X@max=\dimen352
\Y@max=\dimen353
\lastobjectbox@=\box82
\zerodotbox@=\box83
\almostz@=\dimen354
 direction,
\d@X=\dimen355
\d@Y=\dimen356
\K@=\count355
\KK@=\count356
\Direction=\count357
\K@dXdY=\dimen357
\K@dYdX=\dimen358
\xyread@=\read3
\xywrite@=\write4
\csp@=\count358
\quotPTK@=\dimen359
 utility macros; pictures: \xy, positions,
\swaptoks@@=\toks63
\connectobjectbox@@=\box84
 objects,
\styletoks@=\toks64
 decorations; kernel objects: directionals, circles, text; options; algorithms: directions, edges, connections;  Xy-pic loaded) (C:\Users\nihar\AppData\Local\Programs\MiKTeX\tex/generic/iftex\ifpdf.sty
Package: ifpdf 2019/10/25 v3.4 ifpdf legacy package. Use iftex instead.
)
Package: xy 2013/10/06 Xy-pic version 3.8.9
 (C:\Users\nihar\AppData\Local\Programs\MiKTeX\tex/generic/xypic\xypdf.tex  Xy-pic option: PDF driver v.1.7 loaded)) (C:\Users\nihar\AppData\Local\Programs\MiKTeX\tex/generic/xypic\xymatrix.tex  Xy-pic option: Matrix feature v.3.14
\Row=\count359
\Col=\count360
\queue@=\toks65
\queue@@=\toks66
\qcount@=\count361
\qcount@@=\count362
\matrixsize@=\count363
 loaded) (C:\Users\nihar\AppData\Local\Programs\MiKTeX\tex/generic/xypic\xyframe.tex  Xy-pic option: Frame and Bracket extension v.3.14 loaded) Xy-pic pdf driver: `frame' extension support (C:\Users\nihar\AppData\Local\Programs\MiKTeX\tex/generic/xypic\xypdf-fr.tex (C:\Users\nihar\AppData\Local\Programs\MiKTeX\tex/generic/xypic\xycurve.tex  Xy-pic option: Curve and Spline extension v.3.12 curve,
\crv@cnt@=\count364
\crvpts@=\toks67
\splinebox@=\box85
\splineval@=\dimen360
\splinedepth@=\dimen361
\splinetol@=\dimen362
\splinelength@=\dimen363
 circles,
\L@=\dimen364
 loaded) Xy-pic pdf driver: `curve' extension support (C:\Users\nihar\AppData\Local\Programs\MiKTeX\tex/generic/xypic\xypdf-cu.tex loaded) loaded) (C:\Users\nihar\AppData\Local\Programs\MiKTeX\tex/generic/xypic\xyarrow.tex  Xy-pic option: Arrow and Path feature v.3.9 path, \ar, loaded) (C:\Users\nihar\AppData\Local\Programs\MiKTeX\tex/generic/xypic\xyarc.tex  Xy-pic option: Circle, Ellipse, Arc feature v.3.8 circles, ellipses, elliptical arcs, loaded)) (C:\Users\nihar\AppData\Local\Programs\MiKTeX\tex/latex/circuitikz\circuitikz.sty
Package: circuitikz 2024/02/09{} The CircuiTikz circuit drawing package version 1.6.7
 (C:\Users\nihar\AppData\Local\Programs\MiKTeX\tex/generic/pgf/frontendlayer/tikz/libraries\tikzlibrarycalc.code.tex
File: tikzlibrarycalc.code.tex 2023-01-15 v3.1.10 (3.1.10)
) (C:\Users\nihar\AppData\Local\Programs\MiKTeX\tex/generic/pgf/frontendlayer/tikz/libraries\tikzlibrarybending.code.tex
File: tikzlibrarybending.code.tex 2023-01-15 v3.1.10 (3.1.10)
 (C:\Users\nihar\AppData\Local\Programs\MiKTeX\tex/generic/pgf/modules\pgfmodulebending.code.tex
File: pgfmodulebending.code.tex 2023-01-15 v3.1.10 (3.1.10)
 (C:\Users\nihar\AppData\Local\Programs\MiKTeX\tex/generic/pgf/modules\pgfmodulenonlineartransformations.code.tex
File: pgfmodulenonlineartransformations.code.tex 2023-01-15 v3.1.10 (3.1.10)
\pgftransformnonlinearflatness=\dimen365
) (C:\Users\nihar\AppData\Local\Programs\MiKTeX\tex/generic/pgf/libraries\pgflibrarycurvilinear.code.tex
File: pgflibrarycurvilinear.code.tex 2023-01-15 v3.1.10 (3.1.10)
\pgf@curvilinear@time@a=\dimen366
\pgf@curvilinear@length@a=\dimen367
\pgf@curvilinear@length@b=\dimen368
\pgf@curvilinear@length@c=\dimen369
\pgf@curvilinear@length@d=\dimen370
)
\pgf@arrows@the@rigidity=\dimen371
)) (C:\Users\nihar\AppData\Local\Programs\MiKTeX\tex/generic/pgf/frontendlayer/tikz/libraries\tikzlibraryfpu.code.tex) (C:\Users\nihar\AppData\Local\Programs\MiKTeX\tex/generic/circuitikz\pgfcirc.defines.tex
\pgf@circ@count@a=\count365
\pgf@circ@count@b=\count366
\pgf@circ@count@c=\count367
\pgf@circ@res@up=\dimen372
\pgf@circ@res@down=\dimen373
\pgf@circ@res@zero=\dimen374
\pgf@circ@res@left=\dimen375
\pgf@circ@res@right=\dimen376
\pgf@circ@res@other=\dimen377
\pgf@circ@res@step=\dimen378
\pgf@circ@res@temp=\dimen379
\pgf@circ@Rlen=\dimen380
\pgf@circ@scaled@Rlen=\dimen381
\pgfstartlinewidth=\dimen382
) (C:\Users\nihar\AppData\Local\Programs\MiKTeX\tex/generic/circuitikz\pgfcircutils.tex
\ctikz@scratchbox=\box86
) (C:\Users\nihar\AppData\Local\Programs\MiKTeX\tex/generic/circuitikz\pgfcircpath.tex) (C:\Users\nihar\AppData\Local\Programs\MiKTeX\tex/generic/circuitikz\pgfcircshapes.tex) (C:\Users\nihar\AppData\Local\Programs\MiKTeX\tex/generic/circuitikz\pgfcircmonopoles.tex) (C:\Users\nihar\AppData\Local\Programs\MiKTeX\tex/generic/circuitikz\pgfcircbipoles.tex) (C:\Users\nihar\AppData\Local\Programs\MiKTeX\tex/generic/circuitikz\pgfcirctripoles.tex
\pgf@circ@res@count=\count368
) (C:\Users\nihar\AppData\Local\Programs\MiKTeX\tex/generic/circuitikz\pgfcircquadpoles.tex) (C:\Users\nihar\AppData\Local\Programs\MiKTeX\tex/generic/circuitikz\pgfcircmultipoles.tex) (C:\Users\nihar\AppData\Local\Programs\MiKTeX\tex/generic/circuitikz\pgfcirclabel.tex) (C:\Users\nihar\AppData\Local\Programs\MiKTeX\tex/generic/circuitikz\pgfcircvoltage.tex
\pgfcirc@labelshift=\dimen383
) (C:\Users\nihar\AppData\Local\Programs\MiKTeX\tex/generic/circuitikz\pgfcirccurrent.tex) (C:\Users\nihar\AppData\Local\Programs\MiKTeX\tex/generic/circuitikz\pgfcircflow.tex)) (C:\Users\nihar\AppData\Local\Programs\MiKTeX\tex/latex/tcolorbox\tcolorbox.sty
Package: tcolorbox 2023/09/26 version 6.1.0 text color boxes
 (C:\Users\nihar\AppData\Local\Programs\MiKTeX\tex/latex/tools\verbatim.sty
Package: verbatim 2022-07-02 v1.5u LaTeX2e package for verbatim enhancements
\every@verbatim=\toks68
\verbatim@line=\toks69
\verbatim@in@stream=\read4
) (C:\Users\nihar\AppData\Local\Programs\MiKTeX\tex/latex/environ\environ.sty
Package: environ 2014/05/04 v0.3 A new way to define environments
 (C:\Users\nihar\AppData\Local\Programs\MiKTeX\tex/latex/trimspaces\trimspaces.sty
Package: trimspaces 2009/09/17 v1.1 Trim spaces around a token list
))
\tcb@titlebox=\box87
\tcb@upperbox=\box88
\tcb@lowerbox=\box89
\tcb@phantombox=\box90
\c@tcbbreakpart=\count369
\c@tcblayer=\count370
\c@tcolorbox@number=\count371
\tcb@temp=\box91
\tcb@temp=\box92
\tcb@temp=\box93
\tcb@temp=\box94
)
\c@theorem=\count372
\c@axiom=\count373
\c@definition=\count374
\c@example=\count375
 (notes.aux)
\openout1 = `notes.aux'.

LaTeX Font Info:    Checking defaults for OML/cmm/m/it on input line 131.
LaTeX Font Info:    ... okay on input line 131.
LaTeX Font Info:    Checking defaults for OMS/cmsy/m/n on input line 131.
LaTeX Font Info:    ... okay on input line 131.
LaTeX Font Info:    Checking defaults for OT1/cmr/m/n on input line 131.
LaTeX Font Info:    ... okay on input line 131.
LaTeX Font Info:    Checking defaults for T1/cmr/m/n on input line 131.
LaTeX Font Info:    ... okay on input line 131.
LaTeX Font Info:    Checking defaults for TS1/cmr/m/n on input line 131.
LaTeX Font Info:    ... okay on input line 131.
LaTeX Font Info:    Checking defaults for OMX/cmex/m/n on input line 131.
LaTeX Font Info:    ... okay on input line 131.
LaTeX Font Info:    Checking defaults for U/cmr/m/n on input line 131.
LaTeX Font Info:    ... okay on input line 131.
LaTeX Font Info:    Checking defaults for PD1/pdf/m/n on input line 131.
LaTeX Font Info:    ... okay on input line 131.
LaTeX Font Info:    Checking defaults for PU/pdf/m/n on input line 131.
LaTeX Font Info:    ... okay on input line 131.
 (C:\Users\nihar\AppData\Local\Programs\MiKTeX\tex/context/base/mkii\supp-pdf.mkii
[Loading MPS to PDF converter (version 2006.09.02).]
\scratchcounter=\count376
\scratchdimen=\dimen384
\scratchbox=\box95
\nofMPsegments=\count377
\nofMParguments=\count378
\everyMPshowfont=\toks70
\MPscratchCnt=\count379
\MPscratchDim=\dimen385
\MPnumerator=\count380
\makeMPintoPDFobject=\count381
\everyMPtoPDFconversion=\toks71
) (C:\Users\nihar\AppData\Local\Programs\MiKTeX\tex/latex/epstopdf-pkg\epstopdf-base.sty
Package: epstopdf-base 2020-01-24 v2.11 Base part for package epstopdf
Package epstopdf-base Info: Redefining graphics rule for `.eps' on input line 485.
 (C:\Users\nihar\AppData\Local\Programs\MiKTeX\tex/latex/00miktex\epstopdf-sys.cfg
File: epstopdf-sys.cfg 2021/03/18 v2.0 Configuration of epstopdf for MiKTeX
))
Package hyperref Info: Link coloring OFF on input line 131.
 (notes.out) (notes.out)
\@outlinefile=\write5
\openout5 = `notes.out'.

Package caption Info: Begin \AtBeginDocument code.
Package caption Info: listings package is loaded.
Package caption Info: longtable package is loaded.
 (C:\Users\nihar\AppData\Local\Programs\MiKTeX\tex/latex/caption\ltcaption.sty
Package: ltcaption 2021/01/08 v1.4c longtable captions (AR)
)
Package caption Info: wrapfig package is loaded.
Package caption Info: End \AtBeginDocument code.

*geometry* driver: auto-detecting
*geometry* detected driver: pdftex
*geometry* verbose mode - [ preamble ] result:
* driver: pdftex
* paper: <default>
* layout: <same size as paper>
* layoutoffset:(h,v)=(0.0pt,0.0pt)
* modes: 
* h-part:(L,W,R)=(92.14519pt, 430.00462pt, 92.14519pt)
* v-part:(T,H,B)=(95.39737pt, 556.47656pt, 143.09605pt)
* \paperwidth=614.295pt
* \paperheight=794.96999pt
* \textwidth=430.00462pt
* \textheight=556.47656pt
* \oddsidemargin=19.8752pt
* \evensidemargin=19.8752pt
* \topmargin=-8.74641pt
* \headheight=12.0pt
* \headsep=19.8738pt
* \topskip=12.0pt
* \footskip=30.0pt
* \marginparwidth=47.0pt
* \marginparsep=7.0pt
* \columnsep=10.0pt
* \skip\footins=10.8pt plus 4.0pt minus 2.0pt
* \hoffset=0.0pt
* \voffset=0.0pt
* \mag=1000
* \@twocolumnfalse
* \@twosidefalse
* \@mparswitchfalse
* \@reversemarginfalse
* (1in=72.27pt=25.4mm, 1cm=28.453pt)

Package pgfplots notification 'compat/show suggested version=true': document has been generated with the most recent feature set (\pgfplotsset{compat=1.18}).

\c@lstlisting=\count382
LaTeX Font Info:    Trying to load font information for U+msa on input line 131.
(C:\Users\nihar\AppData\Local\Programs\MiKTeX\tex/latex/amsfonts\umsa.fd
File: umsa.fd 2013/01/14 v3.01 AMS symbols A
)
LaTeX Font Info:    Trying to load font information for U+msb on input line 131.
 (C:\Users\nihar\AppData\Local\Programs\MiKTeX\tex/latex/amsfonts\umsb.fd
File: umsb.fd 2013/01/14 v3.01 AMS symbols B
)
LaTeX Font Info:    Trying to load font information for U+rsfs on input line 131.
 (C:\Users\nihar\AppData\Local\Programs\MiKTeX\tex/latex/jknappen\ursfs.fd
File: ursfs.fd 1998/03/24 rsfs font definition file (jk)
)
Package xypdf Info: Line width: 0.47998pt on input line 131.
 [1



{C:/Users/nihar/AppData/Local/MiKTeX/fonts/map/pdftex/pdftex.map}]
pdfTeX warning (ext4): destination with the same identifier (name{page.i}) has been already used, duplicate ignored
<to be read again> 
                   \relax 
l.156 \tableofcontents
                        % Print the table of contents [1

] (notes.toc [2

] [3])
\tf@toc=\write6
\openout6 = `notes.toc'.

 [4] (notes.lof [5

])
\tf@lof=\write7
\openout7 = `notes.lof'.

 [6] (notes.lot)
\tf@lot=\write8
\openout8 = `notes.lot'.

 [7

] [8

]
Chapter 1.
[1


]
Overfull \hbox (1.34645pt too wide) in paragraph at lines 213--215
[]\OT1/cmr/m/n/12 The sim-plest sys-tem is qubit - a quan-tum me-chan-i-cal sys-tem with two-dimensional
 []

[2] [3] [4] [5] [6] [7] [8] [9]
Overfull \hbox (3.00206pt too wide) in paragraph at lines 475--479
[]\OT1/cmr/m/n/12 We spec-ify m pos-i-tive semi-definite (Psd) ma-tri-ces $\OML/cmm/m/it/12 E[]; [] ; E[]$ \OT1/cmr/m/n/12 such that $[][] \OML/cmm/m/it/12 E[] \OT1/cmr/m/n/12 =
 []

[10] [11] [12] [13] [14] [15]
<../images/bloch_sphere_dia.png, id=698, 914.41624pt x 796.9775pt>
File: ../images/bloch_sphere_dia.png Graphic file (type png)
<use ../images/bloch_sphere_dia.png>
Package pdftex.def Info: ../images/bloch_sphere_dia.png  used on input line 631.
(pdftex.def)             Requested size: 258.00539pt x 224.86685pt.
 (C:\Users\nihar\AppData\Local\Programs\MiKTeX\tex/latex/listings\lstlang1.sty
File: lstlang1.sty 2023/02/27 1.9 listings language file
) [16 <../images/bloch_sphere_dia.png>]
LaTeX Font Info:    Trying to load font information for OML+cmr on input line 661.
 (C:\Users\nihar\AppData\Local\Programs\MiKTeX\tex/latex/base\omlcmr.fd
File: omlcmr.fd 2023/04/13 v2.5m Standard LaTeX font definitions
)
LaTeX Font Info:    Font shape `OML/cmr/m/n' in size <10> not available
(Font)              Font shape `OML/cmm/m/it' tried instead on input line 661.
<../images/bloch_sphere.png, id=708, 361.35pt x 361.35pt>
File: ../images/bloch_sphere.png Graphic file (type png)
<use ../images/bloch_sphere.png>
Package pdftex.def Info: ../images/bloch_sphere.png  used on input line 683.
(pdftex.def)             Requested size: 215.0023pt x 215.00316pt.
 [17] [18 <../images/bloch_sphere.png>] [19] [20]
<../images/pauli-i.png, id=765, 133.6995pt x 84.5559pt>
File: ../images/pauli-i.png Graphic file (type png)
<use ../images/pauli-i.png>
Package pdftex.def Info: ../images/pauli-i.png  used on input line 817.
(pdftex.def)             Requested size: 129.00269pt x 81.59203pt.
 [21 <../images/pauli-i.png>]
<../images/pauli-x.png, id=783, 133.6995pt x 84.5559pt>
File: ../images/pauli-x.png Graphic file (type png)
<use ../images/pauli-x.png>
Package pdftex.def Info: ../images/pauli-x.png  used on input line 886.
(pdftex.def)             Requested size: 129.00269pt x 81.59203pt.
 [22 <../images/pauli-x.png>] [23]
<../images/pauli-y.png, id=806, 133.6995pt x 84.5559pt>
File: ../images/pauli-y.png Graphic file (type png)
<use ../images/pauli-y.png>
Package pdftex.def Info: ../images/pauli-y.png  used on input line 965.
(pdftex.def)             Requested size: 129.00269pt x 81.59203pt.

Overfull \hbox (5.99387pt too wide) detected at line 992
[]
 []

[24 <../images/pauli-y.png>]
<../images/pauli-z.png, id=824, 133.6995pt x 84.5559pt>
File: ../images/pauli-z.png Graphic file (type png)
<use ../images/pauli-z.png>
Package pdftex.def Info: ../images/pauli-z.png  used on input line 1047.
(pdftex.def)             Requested size: 129.00269pt x 81.59203pt.
 [25] [26 <../images/pauli-z.png>] [27]
<../images/hadamard.png, id=850, 133.6995pt x 84.5559pt>
File: ../images/hadamard.png Graphic file (type png)
<use ../images/hadamard.png>
Package pdftex.def Info: ../images/hadamard.png  used on input line 1190.
(pdftex.def)             Requested size: 129.00269pt x 81.59203pt.
 [28 <../images/hadamard.png>] [29] [30]
Overfull \hbox (1.00815pt too wide) in paragraph at lines 1298--1302
\OT1/cmr/m/n/12 Consider a state $[] = []$. We are sup-pose to find $\OML/cmm/m/it/12 H[] []$\OT1/cmr/m/n/12 .
 []


Package hyperref Warning: Token not allowed in a PDF string (Unicode):
(hyperref)                removing `math shift' on input line 1310.


Package hyperref Warning: Token not allowed in a PDF string (Unicode):
(hyperref)                removing `math shift' on input line 1310.


Package hyperref Warning: Token not allowed in a PDF string (Unicode):
(hyperref)                removing `math shift' on input line 1310.


Package hyperref Warning: Token not allowed in a PDF string (Unicode):
(hyperref)                removing `superscript' on input line 1310.


Package hyperref Warning: Token not allowed in a PDF string (Unicode):
(hyperref)                removing `\dagger' on input line 1310.


Package hyperref Warning: Token not allowed in a PDF string (Unicode):
(hyperref)                removing `math shift' on input line 1310.

[31]
<../images/s-gate.png, id=890, 133.6995pt x 84.5559pt>
File: ../images/s-gate.png Graphic file (type png)
<use ../images/s-gate.png>
Package pdftex.def Info: ../images/s-gate.png  used on input line 1344.
(pdftex.def)             Requested size: 129.00269pt x 81.59203pt.
 [32 <../images/s-gate.png>]
<../images/sdag-gate.png, id=900, 133.6995pt x 84.5559pt>
File: ../images/sdag-gate.png Graphic file (type png)
<use ../images/sdag-gate.png>
Package pdftex.def Info: ../images/sdag-gate.png  used on input line 1418.
(pdftex.def)             Requested size: 129.00269pt x 81.59203pt.
 [33 <../images/sdag-gate.png>]

Package hyperref Warning: Token not allowed in a PDF string (Unicode):
(hyperref)                removing `math shift' on input line 1460.


Package hyperref Warning: Token not allowed in a PDF string (Unicode):
(hyperref)                removing `math shift' on input line 1460.


Package hyperref Warning: Token not allowed in a PDF string (Unicode):
(hyperref)                removing `math shift' on input line 1460.


Package hyperref Warning: Token not allowed in a PDF string (Unicode):
(hyperref)                removing `superscript' on input line 1460.


Package hyperref Warning: Token not allowed in a PDF string (Unicode):
(hyperref)                removing `\dagger' on input line 1460.


Package hyperref Warning: Token not allowed in a PDF string (Unicode):
(hyperref)                removing `math shift' on input line 1460.

<../images/t-gate.png, id=918, 133.6995pt x 84.5559pt>
File: ../images/t-gate.png Graphic file (type png)
<use ../images/t-gate.png>
Package pdftex.def Info: ../images/t-gate.png  used on input line 1495.
(pdftex.def)             Requested size: 129.00269pt x 81.59203pt.
[34] [35 <../images/t-gate.png>]
<../images/tdag-gate.png, id=941, 133.6995pt x 84.5559pt>
File: ../images/tdag-gate.png Graphic file (type png)
<use ../images/tdag-gate.png>
Package pdftex.def Info: ../images/tdag-gate.png  used on input line 1569.
(pdftex.def)             Requested size: 129.00269pt x 81.59203pt.
 [36 <../images/tdag-gate.png>]
<../images/rx-gate.png, id=958, 133.6995pt x 84.5559pt>
File: ../images/rx-gate.png Graphic file (type png)
<use ../images/rx-gate.png>
Package pdftex.def Info: ../images/rx-gate.png  used on input line 1676.
(pdftex.def)             Requested size: 129.00269pt x 81.59203pt.
 [37]
<../images/ry-gate.png, id=975, 133.6995pt x 84.5559pt>
File: ../images/ry-gate.png Graphic file (type png)
<use ../images/ry-gate.png>
Package pdftex.def Info: ../images/ry-gate.png  used on input line 1708.
(pdftex.def)             Requested size: 129.00269pt x 81.59203pt.
 [38 <../images/rx-gate.png> <../images/ry-gate.png>]
<../images/rz-gate.png, id=993, 133.6995pt x 84.5559pt>
File: ../images/rz-gate.png Graphic file (type png)
<use ../images/rz-gate.png>
Package pdftex.def Info: ../images/rz-gate.png  used on input line 1741.
(pdftex.def)             Requested size: 129.00269pt x 81.59203pt.
 [39 <../images/rz-gate.png>]
<../images/u3-gate.png, id=1010, 194.4063pt x 84.5559pt>
File: ../images/u3-gate.png Graphic file (type png)
<use ../images/u3-gate.png>
Package pdftex.def Info: ../images/u3-gate.png  used on input line 1792.
(pdftex.def)             Requested size: 129.00269pt x 56.11282pt.
 [40 <../images/u3-gate.png>]
<../images/cnot-gate.png, id=1030, 146.7081pt x 144.54pt>
File: ../images/cnot-gate.png Graphic file (type png)
<use ../images/cnot-gate.png>
Package pdftex.def Info: ../images/cnot-gate.png  used on input line 1846.
(pdftex.def)             Requested size: 129.00269pt x 127.09853pt.
 [41] [42 <../images/cnot-gate.png>]
<../images/cy-gate.png, id=1055, 146.7081pt x 144.54pt>
File: ../images/cy-gate.png Graphic file (type png)
<use ../images/cy-gate.png>
Package pdftex.def Info: ../images/cy-gate.png  used on input line 1939.
(pdftex.def)             Requested size: 129.00269pt x 127.09853pt.
 [43] [44 <../images/cy-gate.png>]
<../images/CZ-gate.png, id=1080, 146.7081pt x 144.54pt>
File: ../images/CZ-gate.png Graphic file (type png)
<use ../images/CZ-gate.png>
Package pdftex.def Info: ../images/CZ-gate.png  used on input line 2034.
(pdftex.def)             Requested size: 129.00269pt x 127.09853pt.
 [45] [46 <../images/CZ-gate.png>]
<../images/ch-gate.png, id=1105, 146.7081pt x 144.54pt>
File: ../images/ch-gate.png Graphic file (type png)
<use ../images/ch-gate.png>
Package pdftex.def Info: ../images/ch-gate.png  used on input line 2126.
(pdftex.def)             Requested size: 129.00269pt x 127.09853pt.
 [47 <../images/ch-gate.png>] [48] [49]
<../images/swap-gate.png, id=1133, 146.7081pt x 144.54pt>
File: ../images/swap-gate.png Graphic file (type png)
<use ../images/swap-gate.png>
Package pdftex.def Info: ../images/swap-gate.png  used on input line 2245.
(pdftex.def)             Requested size: 129.00269pt x 127.09853pt.
 [50 <../images/swap-gate.png>]
<../images/swap-gatemeth1.png, id=1150, 267.399pt x 144.54pt>
File: ../images/swap-gatemeth1.png Graphic file (type png)
<use ../images/swap-gatemeth1.png>
Package pdftex.def Info: ../images/swap-gatemeth1.png  used on input line 2295.
(pdftex.def)             Requested size: 129.00269pt x 69.73128pt.
<../images/swap-gatemeth2.png, id=1151, 267.399pt x 144.54pt>
File: ../images/swap-gatemeth2.png Graphic file (type png)
<use ../images/swap-gatemeth2.png>
Package pdftex.def Info: ../images/swap-gatemeth2.png  used on input line 2302.
(pdftex.def)             Requested size: 129.00269pt x 69.73128pt.
 [51 <../images/swap-gatemeth1.png> <../images/swap-gatemeth2.png>]
<../images/ccx-gate.png, id=1161, 146.7081pt x 205.2468pt>
File: ../images/ccx-gate.png Graphic file (type png)
<use ../images/ccx-gate.png>
Package pdftex.def Info: ../images/ccx-gate.png  used on input line 2349.
(pdftex.def)             Requested size: 129.00269pt x 180.47992pt.
 [52]
Overfull \hbox (31.2131pt too wide) in paragraph at lines 2369--2371
[]\OT1/cmr/m/n/12 It is rep-re-sented by the ma-trix in the com-pu-ta-tional ba-sis ($[] \OML/cmm/m/it/12 ; [] ; [] ; [] ; []$\OT1/cmr/m/n/12 )
 []

[53 <../images/ccx-gate.png>]
Overfull \hbox (14.23137pt too wide) detected at line 2419
[] [] \OT1/cmr/m/n/12 = [] = \OML/cmm/m/it/12  [] \OT1/cmr/m/n/12 + \OML/cmm/m/it/12 ^^L [] \OT1/cmr/m/n/12 + [] + \OML/cmm/m/it/12 ^^P [] \OT1/cmr/m/n/12 + \OML/cmm/m/it/12 ^^R [] \OT1/cmr/m/n/12 + \OML/cmm/m/it/12 ^^Q []
 []

[54]
<../images/cswap-gate.png, id=1190, 146.7081pt x 205.2468pt>
File: ../images/cswap-gate.png Graphic file (type png)
<use ../images/cswap-gate.png>
Package pdftex.def Info: ../images/cswap-gate.png  used on input line 2462.
(pdftex.def)             Requested size: 129.00269pt x 180.47992pt.
 [55]
Overfull \hbox (31.2131pt too wide) in paragraph at lines 2482--2483
[]\OT1/cmr/m/n/12 It is rep-re-sented by the ma-trix in the com-pu-ta-tional ba-sis ($[] \OML/cmm/m/it/12 ; [] ; [] ; [] ; []$\OT1/cmr/m/n/12 )
 []

[56 <../images/cswap-gate.png>]
Overfull \hbox (14.23137pt too wide) detected at line 2531
[] [] \OT1/cmr/m/n/12 = [] = \OML/cmm/m/it/12  [] \OT1/cmr/m/n/12 + \OML/cmm/m/it/12 ^^L [] \OT1/cmr/m/n/12 + [] + \OML/cmm/m/it/12 ^^P [] \OT1/cmr/m/n/12 + \OML/cmm/m/it/12 ^^R [] \OT1/cmr/m/n/12 + \OML/cmm/m/it/12 ^^Q []
 []

<../images/cswap-gatemeth1.png, id=1212, 268.1217pt x 205.2468pt>
File: ../images/cswap-gatemeth1.png Graphic file (type png)
<use ../images/cswap-gatemeth1.png>
Package pdftex.def Info: ../images/cswap-gatemeth1.png  used on input line 2536.
(pdftex.def)             Requested size: 129.00269pt x 98.75534pt.
[57 <../images/cswap-gatemeth1.png>]
Overfull \vbox (0.3511pt too high) has occurred while \output is active []

 [58]
<../images/qcircuit1.png, id=1224, 509.5035pt x 205.2468pt>
File: ../images/qcircuit1.png Graphic file (type png)
<use ../images/qcircuit1.png>
Package pdftex.def Info: ../images/qcircuit1.png  used on input line 2617.
(pdftex.def)             Requested size: 344.005pt x 138.57631pt.
<../images/qcircuit1-rev.png, id=1226, 509.5035pt x 205.2468pt>
File: ../images/qcircuit1-rev.png Graphic file (type png)
<use ../images/qcircuit1-rev.png>
Package pdftex.def Info: ../images/qcircuit1-rev.png  used on input line 2632.
(pdftex.def)             Requested size: 344.005pt x 138.57631pt.
 [59 <../images/qcircuit1.png> <../images/qcircuit1-rev.png>]
Overfull \hbox (63.0336pt too wide) detected at line 2650
[]
 []


Overfull \hbox (68.77628pt too wide) detected at line 2658
[]
 []

[60] [61] [62] [63]
<../images/bell-states.png, id=1262, 207.4149pt x 144.54pt>
File: ../images/bell-states.png Graphic file (type png)
<use ../images/bell-states.png>
Package pdftex.def Info: ../images/bell-states.png  used on input line 2794.
(pdftex.def)             Requested size: 344.005pt x 239.7334pt.
 [64] [65 <../images/bell-states.png>]
<../images/bell-states-rev.png, id=1274, 207.4149pt x 144.54pt>
File: ../images/bell-states-rev.png Graphic file (type png)
<use ../images/bell-states-rev.png>
Package pdftex.def Info: ../images/bell-states-rev.png  used on input line 2823.
(pdftex.def)             Requested size: 344.005pt x 239.7334pt.
 [66 <../images/bell-states-rev.png>]
Underfull \hbox (badness 10000) in paragraph at lines 2831--2839

 []

<../images/teleportation1.png, id=1281, 207.4149pt x 144.54pt>
File: ../images/teleportation1.png Graphic file (type png)
<use ../images/teleportation1.png>
Package pdftex.def Info: ../images/teleportation1.png  used on input line 2842.
(pdftex.def)             Requested size: 215.0023pt x 149.83282pt.
<../images/teleportation2.png, id=1283, 267.399pt x 205.2468pt>
File: ../images/teleportation2.png Graphic file (type png)
<use ../images/teleportation2.png>
Package pdftex.def Info: ../images/teleportation2.png  used on input line 2851.
(pdftex.def)             Requested size: 215.0023pt x 165.0307pt.
[67 <../images/teleportation1.png>]
Overfull \hbox (27.81401pt too wide) detected at line 2871
[] []
 []

[68 <../images/teleportation2.png>]
<../images/teleportation.png, id=1297, 630.1944pt x 265.2309pt>
File: ../images/teleportation.png Graphic file (type png)
<use ../images/teleportation.png>
Package pdftex.def Info: ../images/teleportation.png  used on input line 2917.
(pdftex.def)             Requested size: 344.005pt x 144.78067pt.
 [69]
<../images/superdense-coding1.png, id=1304, 207.4149pt x 144.54pt>
File: ../images/superdense-coding1.png Graphic file (type png)
<use ../images/superdense-coding1.png>
Package pdftex.def Info: ../images/superdense-coding1.png  used on input line 2935.
(pdftex.def)             Requested size: 215.0023pt x 149.83282pt.
 [70 <../images/teleportation.png>]
<../images/superdense-coding2.png, id=1314, 94.10156pt x 143.78719pt>
File: ../images/superdense-coding2.png Graphic file (type png)
<use ../images/superdense-coding2.png>
Package pdftex.def Info: ../images/superdense-coding2.png  used on input line 2944.
(pdftex.def)             Requested size: 129.00269pt x 197.12987pt.
 [71 <../images/superdense-coding1.png> <../images/superdense-coding2.png>]
<../images/superdense-coding3.png, id=1323, 207.4149pt x 144.54pt>
File: ../images/superdense-coding3.png Graphic file (type png)
<use ../images/superdense-coding3.png>
Package pdftex.def Info: ../images/superdense-coding3.png  used on input line 2974.
(pdftex.def)             Requested size: 215.0023pt x 149.83282pt.
 [72 <../images/superdense-coding3.png>]
<../images/superdense-coding4.png, id=1331, 270.00874pt x 187.70125pt>
File: ../images/superdense-coding4.png Graphic file (type png)
<use ../images/superdense-coding4.png>
Package pdftex.def Info: ../images/superdense-coding4.png  used on input line 3020.
(pdftex.def)             Requested size: 344.005pt x 239.14551pt.
 [73] [74 <../images/superdense-coding4.png>]
<../images/classicalcircuit.png, id=1343, 1523.6925pt x 630.355pt>
File: ../images/classicalcircuit.png Graphic file (type png)
<use ../images/classicalcircuit.png>
Package pdftex.def Info: ../images/classicalcircuit.png  used on input line 3048.
(pdftex.def)             Requested size: 344.005pt x 142.31429pt.
 [75] [76 <../images/classicalcircuit.png>]
<../images/reversiblecswap.png, id=1367, 1209.51875pt x 477.785pt>
File: ../images/reversiblecswap.png Graphic file (type png)
<use ../images/reversiblecswap.png>
Package pdftex.def Info: ../images/reversiblecswap.png  used on input line 3082.
(pdftex.def)             Requested size: 344.005pt x 135.8858pt.
 [77]
<../images/reversibleand.png, id=1373, 1176.395pt x 477.785pt>
File: ../images/reversibleand.png Graphic file (type png)
<use ../images/reversibleand.png>
Package pdftex.def Info: ../images/reversibleand.png  used on input line 3095.
(pdftex.def)             Requested size: 344.005pt x 139.71327pt.
 [78 <../images/reversiblecswap.png> <../images/reversibleand.png>]
<../images/classicaltoquantum.png, id=1382, 1895.08pt x 630.355pt>
File: ../images/classicaltoquantum.png Graphic file (type png)
<use ../images/classicaltoquantum.png>
Package pdftex.def Info: ../images/classicaltoquantum.png  used on input line 3126.
(pdftex.def)             Requested size: 344.005pt x 114.42084pt.
<../images/quantumoracle.png, id=1385, 1981.4025pt x 745.78625pt>
File: ../images/quantumoracle.png Graphic file (type png)
<use ../images/quantumoracle.png>
Package pdftex.def Info: ../images/quantumoracle.png  used on input line 3138.
(pdftex.def)             Requested size: 344.005pt x 129.47899pt.
 [79 <../images/classicaltoquantum.png>]
Overfull \hbox (8.15434pt too wide) in paragraph at lines 3142--3148
[]\OT1/cmr/m/n/12 Using this cir-cuit it can be seen that the out-put of the en-tire cir-cuit is $[] \OML/cmm/m/it/12 ; []$
 []


Overfull \hbox (0.6753pt too wide) in paragraph at lines 3142--3148
\OT1/cmr/m/n/12 cuit ahead. The out-put from the first Quan-tum Cir-cuit $\OML/cmm/m/it/12 U[]$ \OT1/cmr/m/n/12 is $[] \OML/cmm/m/it/12 ; [] ; junk\OT1/cmr/m/n/12 (\OML/cmm/m/it/12 x\OT1/cmr/m/n/12 )$.
 []

<../images/oracle.png, id=1392, 1300.86pt x 629.35126pt>
File: ../images/oracle.png Graphic file (type png)
<use ../images/oracle.png>
Package pdftex.def Info: ../images/oracle.png  used on input line 3153.
(pdftex.def)             Requested size: 344.005pt x 166.42197pt.
[80 <../images/quantumoracle.png>] [81 <../images/oracle.png>]
<../images/elitzur-vaidman.png, id=1405, 315.0972pt x 144.54pt>
File: ../images/elitzur-vaidman.png Graphic file (type png)
<use ../images/elitzur-vaidman.png>
Package pdftex.def Info: ../images/elitzur-vaidman.png  used on input line 3179.
(pdftex.def)             Requested size: 215.0023pt x 98.62553pt.
 [82 <../images/elitzur-vaidman.png>] [83]
<../images/elitzur-vaidmanfinal.png, id=1419, 489.9906pt x 94.4328pt>
File: ../images/elitzur-vaidmanfinal.png Graphic file (type png)
<use ../images/elitzur-vaidmanfinal.png>
Package pdftex.def Info: ../images/elitzur-vaidmanfinal.png  used on input line 3235.
(pdftex.def)             Requested size: 344.005pt x 66.2999pt.

Overfull \hbox (0.79355pt too wide) detected at line 3253
[] [] \OT1/cmr/m/n/12 = [] = [] [] [] + [] [] []
 []

[84 <../images/elitzur-vaidmanfinal.png>] [85] [86]
<../images/deutsch.png, id=1437, 448.7967pt x 205.2468pt>
File: ../images/deutsch.png Graphic file (type png)
<use ../images/deutsch.png>
Package pdftex.def Info: ../images/deutsch.png  used on input line 3345.
(pdftex.def)             Requested size: 344.005pt x 157.32645pt.

Underfull \hbox (badness 10000) in paragraph at lines 3349--3357

 []


Overfull \hbox (68.08485pt too wide) detected at line 3364
[]
 []

[87 <../images/deutsch.png>] [88] [89]
<../images/Deutsch-Jozsa.png, id=1459, 287.0725pt x 176.66pt>
File: ../images/Deutsch-Jozsa.png Graphic file (type png)
<use ../images/Deutsch-Jozsa.png>
Package pdftex.def Info: ../images/Deutsch-Jozsa.png  used on input line 3502.
(pdftex.def)             Requested size: 344.005pt x 211.6998pt.
 [90] [91 <../images/Deutsch-Jozsa.png>] [92] [93]
<../images/deutsch-jozsa-algorithm.png, id=1481, 448.7967pt x 265.2309pt>
File: ../images/deutsch-jozsa-algorithm.png Graphic file (type png)
<use ../images/deutsch-jozsa-algorithm.png>
Package pdftex.def Info: ../images/deutsch-jozsa-algorithm.png  used on input line 3578.
(pdftex.def)             Requested size: 344.005pt x 203.30568pt.

Overfull \hbox (0.48155pt too wide) detected at line 3588
[]
 []

[94 <../images/deutsch-jozsa-algorithm.png>]
Underfull \hbox (badness 10000) in paragraph at lines 3604--3606

 []


Overfull \hbox (8.2568pt too wide) detected at line 3609
[]\OT1/cmr/m/n/12 ([] [] + [] [] + [] [] + [] [] \OMS/cmsy/m/n/12 ^^@ [] [] ^^@ [] [] ^^@ [] [] ^^@ [] []\OT1/cmr/m/n/12 )
 []


Overfull \hbox (8.2568pt too wide) detected at line 3637
[]\OT1/cmr/m/n/12 ([] [] + [] [] + [] [] + [] [] \OMS/cmsy/m/n/12 ^^@ [] [] ^^@ [] [] ^^@ [] [] ^^@ [] []\OT1/cmr/m/n/12 )
 []

[95]
Underfull \hbox (badness 10000) in paragraph at lines 3663--3665

 []

[96] [97]
<../images/Simon.png, id=1509, 237.88875pt x 213.79875pt>
File: ../images/Simon.png Graphic file (type png)
<use ../images/Simon.png>
Package pdftex.def Info: ../images/Simon.png  used on input line 3731.
(pdftex.def)             Requested size: 171.99922pt x 154.58743pt.
 [98] [99 <../images/Simon.png>] [100]
Overfull \hbox (43.89146pt too wide) detected at line 3828
[]
 []

[101]
Overfull \hbox (3.74246pt too wide) in paragraph at lines 3837--3839
\OT1/cmr/m/n/12 Using the prop-erty that the Hadamard gate when ap-plied to any in-put gives $\OML/cmm/m/it/12 H[] [] \OT1/cmr/m/n/12 =
 []


Overfull \hbox (26.73326pt too wide) in paragraph at lines 3841--3844
\OT1/cmr/m/n/12 Again ap-ply-ing the gen-eral for-mula for Hadamard gate $\OML/cmm/m/it/12 H[] [] \OT1/cmr/m/n/12 = [] [][](\OMS/cmsy/m/n/12 ^^@\OT1/cmr/m/n/12 1)[] []$,
 []

[102]
Overfull \hbox (46.45195pt too wide) in paragraph at lines 3864--3865
[]\OT1/cmr/m/n/12 Now, we know that each of the lin-early in-d-pen-dent vec-tor in the set $\OMS/cmsy/m/n/12 f[] \OML/cmm/m/it/12 ; [] ; []\OMS/cmsy/m/n/12 g$
 []

[103] [104]
<../images/grover.png, id=1547, 724.7075pt x 822.07124pt>
File: ../images/grover.png Graphic file (type png)
<use ../images/grover.png>
Package pdftex.def Info: ../images/grover.png  used on input line 3962.
(pdftex.def)             Requested size: 171.99922pt x 195.10596pt.

Underfull \hbox (badness 10000) in paragraph at lines 3966--3973

 []

[105 <../images/grover.png>]
Underfull \hbox (badness 10000) in paragraph at lines 3974--3976

 []

[106]
Overfull \hbox (86.03708pt too wide) detected at line 4019
[]
 []


Overfull \hbox (90.41821pt too wide) detected at line 4027
[]
 []

[107]
<../images/grover1.png, id=1572, 388.45125pt x 130.4875pt>
File: ../images/grover1.png Graphic file (type png)
<use ../images/grover1.png>
Package pdftex.def Info: ../images/grover1.png  used on input line 4067.
(pdftex.def)             Requested size: 258.00539pt x 86.66954pt.
 [108 <../images/grover1.png>] [109]
Chapter 2.
[110

]
Overfull \hbox (30.22081pt too wide) detected at line 4154
[]
 []


Overfull \hbox (59.94334pt too wide) detected at line 4164
[]
 []


Overfull \hbox (13.90633pt too wide) in paragraph at lines 4171--4173
[]\OT1/cmr/bx/n/12 Proposition 2.1.2. []\OT1/cmr/m/it/12 (Duhamel's prin-ci-ple for Hamil-to-nian Sim-u-la-tion) Let $\OML/cmm/m/it/12 U\OT1/cmr/m/n/12 (\OML/cmm/m/it/12 t\OT1/cmr/m/n/12 )\OML/cmm/m/it/12 ; []\OT1/cmr/m/n/12 (\OML/cmm/m/it/12 t\OT1/cmr/m/n/12 ) \OMS/cmsy/m/n/12 2
 []

[111]
LaTeX Font Info:    Trying to load font information for OMS+cmr on input line 4200.
 (C:\Users\nihar\AppData\Local\Programs\MiKTeX\tex/latex/base\omscmr.fd
File: omscmr.fd 2023/04/13 v2.5m Standard LaTeX font definitions
)
LaTeX Font Info:    Font shape `OMS/cmr/bx/n' in size <12> not available
(Font)              Font shape `OMS/cmsy/b/n' tried instead on input line 4200.
 [112]
<../images/uncomputation.png, id=1600, 507.8975pt x 322.20375pt>
File: ../images/uncomputation.png Graphic file (type png)
<use ../images/uncomputation.png>
Package pdftex.def Info: ../images/uncomputation.png  used on input line 4226.
(pdftex.def)             Requested size: 344.005pt x 218.24019pt.
 [113 <../images/uncomputation.png>] [114]
Overfull \hbox (1.27118pt too wide) in paragraph at lines 4272--4272
|[]\OT1/cmr/bx/n/17.28 Fixed Point Num-ber Rep-re-sen-ta-tion and Clas-
 []


Overfull \hbox (122.79417pt too wide) has occurred while \output is active
\OT1/cmr/m/sl/12 2.3.  FIXED POINT NUMBER REPRESENTATION AND CLASSICAL ARITHMETIC OPERATIONS \OT1/cmr/m/n/12 115
 []

[115] [116] [117] [118]
Appendix A.
[119

] [120] [121] [122] [123]
Overfull \hbox (18.16367pt too wide) in paragraph at lines 4586--4591
[]\OT1/cmr/bx/n/12 Definition A.1.8. []\OT1/cmr/m/n/12 Span: Let $\OML/cmm/m/it/12 V$ \OT1/cmr/m/n/12 be a vec-tor space over a field $\U/msb/m/n/12 F$ \OT1/cmr/m/n/12 and let $[] \OML/cmm/m/it/12 ; [] ; [] ; []$
 []

[124]
Underfull \hbox (badness 10000) in paragraph at lines 4635--4640

 []


Underfull \hbox (badness 10000) in paragraph at lines 4650--4652

 []

[125]
Overfull \hbox (10.15366pt too wide) detected at line 4685
[]
 []

[126] [127]
Underfull \hbox (badness 10000) in paragraph at lines 4747--4754

 []

[128] [129] [130] [131] [132] [133]
Underfull \hbox (badness 10000) in paragraph at lines 4924--4925

 []

[134] [135] [136] [137]
Underfull \hbox (badness 10000) in paragraph at lines 5025--5027

 []

[138] [139]
Underfull \hbox (badness 10000) in paragraph at lines 5074--5075

 []

[140] [141]
Underfull \hbox (badness 10000) in paragraph at lines 5122--5124

 []

[142] [143] [144] [145] [146]
Underfull \hbox (badness 10000) in paragraph at lines 5248--5249

 []


Underfull \hbox (badness 10000) in paragraph at lines 5249--5254

 []

[147]
Overfull \hbox (40.83206pt too wide) detected at line 5274
\OML/cmm/m/it/12 A [] \OT1/cmr/m/n/12 = \OML/cmm/m/it/12 V []
 []

[148] [149] [150] [151]
Underfull \hbox (badness 10000) in paragraph at lines 5354--5356

 []

[152] [153] [154]
Underfull \hbox (badness 10000) in paragraph at lines 5415--5417

 []


Underfull \hbox (badness 10000) in paragraph at lines 5423--5424

 []

[155] [156] [157]
Underfull \hbox (badness 10000) in paragraph at lines 5519--5524

 []

[158] [159] [160]
Overfull \hbox (40.81935pt too wide) detected at line 5576
[] \OT1/cmr/m/n/12 = [] \OMS/cmsy/m/n/12 
 [] \OT1/cmr/m/n/12 = [] [] = [] = (\OML/cmm/m/it/12 a [] \OT1/cmr/m/n/12 + \OML/cmm/m/it/12 b []\OT1/cmr/m/n/12 )(\OML/cmm/m/it/12 c [] \OT1/cmr/m/n/12 + \OML/cmm/m/it/12 d []\OT1/cmr/m/n/12 ) = \OML/cmm/m/it/12 ac [] \OT1/cmr/m/n/12 + \OML/cmm/m/it/12 ad [] \OT1/cmr/m/n/12 + \OML/cmm/m/it/12 bc [] \OT1/cmr/m/n/12 + \OML/cmm/m/it/12 bd []
 []


Overfull \hbox (40.81935pt too wide) detected at line 5585
[] \OT1/cmr/m/n/12 = [] \OMS/cmsy/m/n/12 
 [] \OT1/cmr/m/n/12 = [] [] = [] = (\OML/cmm/m/it/12 a [] \OT1/cmr/m/n/12 + \OML/cmm/m/it/12 b []\OT1/cmr/m/n/12 )(\OML/cmm/m/it/12 c [] \OT1/cmr/m/n/12 + \OML/cmm/m/it/12 d []\OT1/cmr/m/n/12 ) = \OML/cmm/m/it/12 ac [] \OT1/cmr/m/n/12 + \OML/cmm/m/it/12 ad [] \OT1/cmr/m/n/12 + \OML/cmm/m/it/12 bc [] \OT1/cmr/m/n/12 + \OML/cmm/m/it/12 bd []
 []

[161] [162] [163] [164] [165] [166] [167] [168] [169] [170]
Appendix B.
[171

] [172] [173] [174] [175]

Package pgf Warning: Returning node center instead of a point on node border. Did you specify a point identical to the center of node ``in_ue''? on input line 6086.

[176]
<../images/compute.png, id=2017, 946.53625pt x 622.325pt>
File: ../images/compute.png Graphic file (type png)
<use ../images/compute.png>
Package pdftex.def Info: ../images/compute.png  used on input line 6124.
(pdftex.def)             Requested size: 344.005pt x 226.1734pt.
 [177 <../images/compute.png>]
<../images/and_imp.png, id=2023, 313.17pt x 68.255pt>
File: ../images/and_imp.png Graphic file (type png)
<use ../images/and_imp.png>
Package pdftex.def Info: ../images/and_imp.png  used on input line 6148.
(pdftex.def)             Requested size: 215.0023pt x 46.86061pt.
<../images/xor_imp.png, id=2026, 384.43625pt x 107.40125pt>
File: ../images/xor_imp.png Graphic file (type png)
<use ../images/xor_imp.png>
Package pdftex.def Info: ../images/xor_imp.png  used on input line 6155.
(pdftex.def)             Requested size: 215.0023pt x 60.06725pt.
<../images/not_imp.png, id=2027, 221.82875pt x 63.23625pt>
File: ../images/not_imp.png Graphic file (type png)
<use ../images/not_imp.png>
Package pdftex.def Info: ../images/not_imp.png  used on input line 6161.
(pdftex.def)             Requested size: 129.00269pt x 36.77449pt.
 [178 <../images/and_imp.png> <../images/xor_imp.png>] [179 <../images/not_imp.png>] (notes.bbl) [180


] (notes.aux)
 ***********
LaTeX2e <2023-06-01> patch level 1
L3 programming layer <2023-10-10>
 ***********
Package rerunfilecheck Info: File `notes.out' has not changed.
(rerunfilecheck)             Checksum: 40BCB9CAD58C7B0291925619C97EB83F;13018.
 ) 
Here is how much of TeX's memory you used:
 63633 strings out of 474824
 1562002 string characters out of 5750976
 2695175 words of memory out of 5000000
 84014 multiletter control sequences out of 15000+600000
 576035 words of font info for 105 fonts, out of 8000000 for 9000
 1141 hyphenation exceptions out of 8191
 84i,15n,97p,1533b,2033s stack positions out of 10000i,1000n,20000p,200000b,200000s
 <C:\Users\nihar\AppData\Local\MiKTeX\fonts/pk/ljfour/jknappen/ec/dpi600\tcrm1000.pk> <C:\Users\nihar\AppData\Local\MiKTeX\fonts/pk/ljfour/jknappen/ec/dpi600\tcrm1200.pk><C:/Users/nihar/AppData/Local/Programs/MiKTeX/fonts/type1/public/amsfonts/cm/cmbsy10.pfb><C:/Users/nihar/AppData/Local/Programs/MiKTeX/fonts/type1/public/amsfonts/cm/cmbx12.pfb><C:/Users/nihar/AppData/Local/Programs/MiKTeX/fonts/type1/public/amsfonts/cm/cmbxti10.pfb><C:/Users/nihar/AppData/Local/Programs/MiKTeX/fonts/type1/public/amsfonts/cm/cmex10.pfb><C:/Users/nihar/AppData/Local/Programs/MiKTeX/fonts/type1/public/amsfonts/cm/cmmi10.pfb><C:/Users/nihar/AppData/Local/Programs/MiKTeX/fonts/type1/public/amsfonts/cm/cmmi12.pfb><C:/Users/nihar/AppData/Local/Programs/MiKTeX/fonts/type1/public/amsfonts/cm/cmmi6.pfb><C:/Users/nihar/AppData/Local/Programs/MiKTeX/fonts/type1/public/amsfonts/cm/cmmi8.pfb><C:/Users/nihar/AppData/Local/Programs/MiKTeX/fonts/type1/public/amsfonts/cm/cmr10.pfb><C:/Users/nihar/AppData/Local/Programs/MiKTeX/fonts/type1/public/amsfonts/cm/cmr12.pfb><C:/Users/nihar/AppData/Local/Programs/MiKTeX/fonts/type1/public/amsfonts/cm/cmr17.pfb><C:/Users/nihar/AppData/Local/Programs/MiKTeX/fonts/type1/public/amsfonts/cm/cmr6.pfb><C:/Users/nihar/AppData/Local/Programs/MiKTeX/fonts/type1/public/amsfonts/cm/cmr8.pfb><C:/Users/nihar/AppData/Local/Programs/MiKTeX/fonts/type1/public/amsfonts/cm/cmsl12.pfb><C:/Users/nihar/AppData/Local/Programs/MiKTeX/fonts/type1/public/amsfonts/cm/cmsy10.pfb><C:/Users/nihar/AppData/Local/Programs/MiKTeX/fonts/type1/public/amsfonts/cm/cmsy6.pfb><C:/Users/nihar/AppData/Local/Programs/MiKTeX/fonts/type1/public/amsfonts/cm/cmsy8.pfb><C:/Users/nihar/AppData/Local/Programs/MiKTeX/fonts/type1/public/amsfonts/cm/cmti12.pfb><C:/Users/nihar/AppData/Local/Programs/MiKTeX/fonts/type1/public/amsfonts/symbols/msbm10.pfb><C:/Users/nihar/AppData/Local/Programs/MiKTeX/fonts/type1/public/amsfonts/symbols/msbm7.pfb>
Output written on notes.pdf (189 pages, 1513707 bytes).
PDF statistics:
 2301 PDF objects out of 2487 (max. 8388607)
 786 named destinations out of 1000 (max. 500000)
 912 words of extra memory for PDF output out of 10000 (max. 10000000)

